[[1;34mINFO[m] Scanning for projects...
[[1;34mINFO[m] 
[[1;34mINFO[m] [1m--------------------< [0;36mcom.carbon:carbon-accounting[0;1m >--------------------[m
[[1;34mINFO[m] [1mBuilding carbon-accounting 0.0.1-SNAPSHOT[m
[[1;34mINFO[m] [1m--------------------------------[ jar ]---------------------------------[m
[[1;34mINFO[m] 
[[1;34mINFO[m] [1m>>> [0;32mspring-boot-maven-plugin:3.2.3:run[m [1m(default-cli)[0;1m > [0;1mtest-compile[m @ [36mcarbon-accounting[0;1m >>>[m
[[1;34mINFO[m] 
[[1;34mINFO[m] [1m--- [0;32mmaven-resources-plugin:3.3.1:resources[m [1m(default-resources)[m @ [36mcarbon-accounting[0;1m ---[m
[[1;34mINFO[m] Copying 3 resources from src/main/resources to target/classes
[[1;34mINFO[m] Copying 12 resources from src/main/resources to target/classes
[[1;34mINFO[m] 
[[1;34mINFO[m] [1m--- [0;32mmaven-compiler-plugin:3.11.0:compile[m [1m(default-compile)[m @ [36mcarbon-accounting[0;1m ---[m
[[1;34mINFO[m] Nothing to compile - all classes are up to date
[[1;34mINFO[m] 
[[1;34mINFO[m] [1m--- [0;32mmaven-resources-plugin:3.3.1:testResources[m [1m(default-testResources)[m @ [36mcarbon-accounting[0;1m ---[m
[[1;34mINFO[m] skip non existing resourceDirectory /home/naman/Desktop/carbacount_gama/carbon-accounting/src/test/resources
[[1;34mINFO[m] 
[[1;34mINFO[m] [1m--- [0;32mmaven-compiler-plugin:3.11.0:testCompile[m [1m(default-testCompile)[m @ [36mcarbon-accounting[0;1m ---[m
[[1;34mINFO[m] Nothing to compile - all classes are up to date
[[1;34mINFO[m] 
[[1;34mINFO[m] [1m<<< [0;32mspring-boot-maven-plugin:3.2.3:run[m [1m(default-cli)[0;1m < [0;1mtest-compile[m @ [36mcarbon-accounting[0;1m <<<[m
[[1;34mINFO[m] 
[[1;34mINFO[m] 
[[1;34mINFO[m] [1m--- [0;32mspring-boot-maven-plugin:3.2.3:run[m [1m(default-cli)[m @ [36mcarbon-accounting[0;1m ---[m
[[1;34mINFO[m] Attaching agents: []
15:28:03,735 |-INFO in ch.qos.logback.classic.LoggerContext[default] - This is logback-classic version 1.4.14
15:28:03,739 |-INFO in ch.qos.logback.classic.util.ContextInitializer@e54303 - Here is a list of configurators discovered as a service, by rank: 
15:28:03,739 |-INFO in ch.qos.logback.classic.util.ContextInitializer@e54303 -   org.springframework.boot.logging.logback.RootLogLevelConfigurator
15:28:03,739 |-INFO in ch.qos.logback.classic.util.ContextInitializer@e54303 - They will be invoked in order until ExecutionStatus.DO_NOT_INVOKE_NEXT_IF_ANY is returned.
15:28:03,739 |-INFO in ch.qos.logback.classic.util.ContextInitializer@e54303 - Constructed configurator of type class org.springframework.boot.logging.logback.RootLogLevelConfigurator
15:28:03,750 |-INFO in ch.qos.logback.classic.util.ContextInitializer@e54303 - org.springframework.boot.logging.logback.RootLogLevelConfigurator.configure() call lasted 0 milliseconds. ExecutionStatus=INVOKE_NEXT_IF_ANY
15:28:03,750 |-INFO in ch.qos.logback.classic.util.ContextInitializer@e54303 - Trying to configure with ch.qos.logback.classic.joran.SerializedModelConfigurator
15:28:03,750 |-INFO in ch.qos.logback.classic.util.ContextInitializer@e54303 - Constructed configurator of type class ch.qos.logback.classic.joran.SerializedModelConfigurator
15:28:03,752 |-INFO in ch.qos.logback.classic.LoggerContext[default] - Could NOT find resource [logback-test.scmo]
15:28:03,753 |-INFO in ch.qos.logback.classic.LoggerContext[default] - Could NOT find resource [logback.scmo]
15:28:03,753 |-INFO in ch.qos.logback.classic.util.ContextInitializer@e54303 - ch.qos.logback.classic.joran.SerializedModelConfigurator.configure() call lasted 3 milliseconds. ExecutionStatus=INVOKE_NEXT_IF_ANY
15:28:03,753 |-INFO in ch.qos.logback.classic.util.ContextInitializer@e54303 - Trying to configure with ch.qos.logback.classic.util.DefaultJoranConfigurator
15:28:03,753 |-INFO in ch.qos.logback.classic.util.ContextInitializer@e54303 - Constructed configurator of type class ch.qos.logback.classic.util.DefaultJoranConfigurator
15:28:03,754 |-INFO in ch.qos.logback.classic.LoggerContext[default] - Could NOT find resource [logback-test.xml]
15:28:03,754 |-INFO in ch.qos.logback.classic.LoggerContext[default] - Could NOT find resource [logback.xml]
15:28:03,754 |-INFO in ch.qos.logback.classic.util.ContextInitializer@e54303 - ch.qos.logback.classic.util.DefaultJoranConfigurator.configure() call lasted 1 milliseconds. ExecutionStatus=INVOKE_NEXT_IF_ANY
15:28:03,754 |-INFO in ch.qos.logback.classic.util.ContextInitializer@e54303 - Trying to configure with ch.qos.logback.classic.BasicConfigurator
15:28:03,756 |-INFO in ch.qos.logback.classic.util.ContextInitializer@e54303 - Constructed configurator of type class ch.qos.logback.classic.BasicConfigurator
15:28:03,756 |-INFO in ch.qos.logback.classic.BasicConfigurator@e8df99a - Setting up default configuration.
15:28:03,778 |-INFO in ch.qos.logback.classic.util.ContextInitializer@e54303 - ch.qos.logback.classic.BasicConfigurator.configure() call lasted 22 milliseconds. ExecutionStatus=NEUTRAL
15:28:04,263 |-INFO in ch.qos.logback.core.model.processor.AppenderModelHandler - Processing appender named [Console]
15:28:04,263 |-INFO in ch.qos.logback.core.model.processor.AppenderModelHandler - About to instantiate appender of type [ch.qos.logback.core.ConsoleAppender]
15:28:04,282 |-WARN in ch.qos.logback.core.ConsoleAppender[Console] - This appender no longer admits a layout as a sub-component, set an encoder instead.
15:28:04,282 |-WARN in ch.qos.logback.core.ConsoleAppender[Console] - To ensure compatibility, wrapping your layout in LayoutWrappingEncoder.
15:28:04,282 |-WARN in ch.qos.logback.core.ConsoleAppender[Console] - See also http://logback.qos.ch/codes.html#layoutInsteadOfEncoder for details
15:28:04,282 |-INFO in ch.qos.logback.core.model.processor.AppenderModelHandler - Processing appender named [RollingFile]
15:28:04,282 |-INFO in ch.qos.logback.core.model.processor.AppenderModelHandler - About to instantiate appender of type [ch.qos.logback.core.rolling.RollingFileAppender]
15:28:04,291 |-INFO in c.q.l.core.rolling.TimeBasedRollingPolicy@768185844 - No compression will be used
15:28:04,291 |-INFO in c.q.l.core.rolling.TimeBasedRollingPolicy@768185844 - Will use the pattern ./logs/archived/application-%d{yyyy-MM-dd}.%i.log for the active file
15:28:04,306 |-INFO in ch.qos.logback.core.rolling.SizeAndTimeBasedFNATP@2f40e5db - The date pattern is 'yyyy-MM-dd' from file name pattern './logs/archived/application-%d{yyyy-MM-dd}.%i.log'.
15:28:04,306 |-INFO in ch.qos.logback.core.rolling.SizeAndTimeBasedFNATP@2f40e5db - Roll-over at midnight.
15:28:04,311 |-INFO in ch.qos.logback.core.rolling.SizeAndTimeBasedFNATP@2f40e5db - Setting initial period to 2026-03-06T09:35:31.005Z
15:28:04,312 |-WARN in ch.qos.logback.core.rolling.SizeAndTimeBasedFNATP@2f40e5db - SizeAndTimeBasedFNATP is deprecated. Use SizeAndTimeBasedRollingPolicy instead
15:28:04,312 |-WARN in ch.qos.logback.core.rolling.SizeAndTimeBasedFNATP@2f40e5db - For more information see http://logback.qos.ch/manual/appenders.html#SizeAndTimeBasedRollingPolicy
15:28:04,317 |-INFO in ch.qos.logback.core.rolling.RollingFileAppender[RollingFile] - Active log file name: ./logs/application.log
15:28:04,317 |-INFO in ch.qos.logback.core.rolling.RollingFileAppender[RollingFile] - File property is set to [./logs/application.log]
15:28:04,318 |-INFO in ch.qos.logback.core.model.processor.AppenderModelHandler - Processing appender named [ErrorFile]
15:28:04,318 |-INFO in ch.qos.logback.core.model.processor.AppenderModelHandler - About to instantiate appender of type [ch.qos.logback.core.rolling.RollingFileAppender]
15:28:04,320 |-INFO in c.q.l.core.rolling.TimeBasedRollingPolicy@85415531 - No compression will be used
15:28:04,320 |-INFO in c.q.l.core.rolling.TimeBasedRollingPolicy@85415531 - Will use the pattern ./logs/archived/error-%d{yyyy-MM-dd}.%i.log for the active file
15:28:04,321 |-INFO in ch.qos.logback.core.rolling.SizeAndTimeBasedFNATP@64b73e7a - The date pattern is 'yyyy-MM-dd' from file name pattern './logs/archived/error-%d{yyyy-MM-dd}.%i.log'.
15:28:04,321 |-INFO in ch.qos.logback.core.rolling.SizeAndTimeBasedFNATP@64b73e7a - Roll-over at midnight.
15:28:04,322 |-INFO in ch.qos.logback.core.rolling.SizeAndTimeBasedFNATP@64b73e7a - Setting initial period to 2026-03-06T09:29:58.833Z
15:28:04,322 |-WARN in ch.qos.logback.core.rolling.SizeAndTimeBasedFNATP@64b73e7a - SizeAndTimeBasedFNATP is deprecated. Use SizeAndTimeBasedRollingPolicy instead
15:28:04,322 |-WARN in ch.qos.logback.core.rolling.SizeAndTimeBasedFNATP@64b73e7a - For more information see http://logback.qos.ch/manual/appenders.html#SizeAndTimeBasedRollingPolicy
15:28:04,322 |-INFO in ch.qos.logback.core.rolling.RollingFileAppender[ErrorFile] - Active log file name: ./logs/error.log
15:28:04,322 |-INFO in ch.qos.logback.core.rolling.RollingFileAppender[ErrorFile] - File property is set to [./logs/error.log]
15:28:04,322 |-INFO in ch.qos.logback.classic.model.processor.RootLoggerModelHandler - Setting level of ROOT logger to INFO
15:28:04,323 |-INFO in ch.qos.logback.classic.jul.LevelChangePropagator@530712d - Propagating INFO level on Logger[ROOT] onto the JUL framework
15:28:04,324 |-INFO in ch.qos.logback.core.model.processor.AppenderRefModelHandler - Attaching appender named [RollingFile] to Logger[ROOT]
15:28:04,324 |-INFO in ch.qos.logback.core.model.processor.AppenderRefModelHandler - Attaching appender named [Console] to Logger[ROOT]
15:28:04,324 |-INFO in ch.qos.logback.core.model.processor.AppenderRefModelHandler - Attaching appender named [ErrorFile] to Logger[ROOT]
15:28:04,324 |-INFO in ch.qos.logback.classic.model.processor.LoggerModelHandler - Setting level of logger [com.carbon.accounting] to INFO
15:28:04,324 |-INFO in ch.qos.logback.classic.jul.LevelChangePropagator@530712d - Propagating INFO level on Logger[com.carbon.accounting] onto the JUL framework
15:28:04,326 |-INFO in ch.qos.logback.classic.model.processor.LoggerModelHandler - Setting additivity of logger [com.carbon.accounting] to false
15:28:04,326 |-INFO in ch.qos.logback.core.model.processor.AppenderRefModelHandler - Attaching appender named [RollingFile] to Logger[com.carbon.accounting]
15:28:04,326 |-INFO in ch.qos.logback.core.model.processor.AppenderRefModelHandler - Attaching appender named [Console] to Logger[com.carbon.accounting]
15:28:04,326 |-INFO in ch.qos.logback.core.model.processor.AppenderRefModelHandler - Attaching appender named [ErrorFile] to Logger[com.carbon.accounting]
15:28:04,326 |-INFO in ch.qos.logback.core.model.processor.DefaultProcessor@2df6226d - End of configuration.
15:28:04,326 |-INFO in org.springframework.boot.logging.logback.SpringBootJoranConfigurator@12ed9db6 - Registering current configuration as safe fallback point


  .   ____          _            __ _ _
 /\\ / ___'_ __ _ _(_)_ __  __ _ \ \ \ \
( ( )\___ | '_ | '_| | '_ \/ _` | \ \ \ \
 \\/  ___)| |_)| | | | | || (_| |  ) ) ) )
  '  |____| .__|_| |_|_| |_\__, | / / / /
 =========|_|==============|___/=/_/_/_/
 :: Spring Boot ::                (v3.2.3)

2026-03-06 15:28:04 [background-preinit] INFO  o.h.validator.internal.util.Version - HV000001: Hibernate Validator 8.0.1.Final
2026-03-06 15:28:04 [main] INFO  c.carbacount.CarbaCountApplication - Starting CarbaCountApplication using Java 17.0.18 with PID 496878 (/home/naman/Desktop/carbacount_gama/carbon-accounting/target/classes started by naman in /home/naman/Desktop/carbacount_gama/carbon-accounting)
2026-03-06 15:28:04 [main] INFO  c.carbacount.CarbaCountApplication - No active profile set, falling back to 1 default profile: "default"
2026-03-06 15:28:05 [main] INFO  o.s.d.r.c.RepositoryConfigurationDelegate - Multiple Spring Data modules found, entering strict repository configuration mode
2026-03-06 15:28:05 [main] INFO  o.s.d.r.c.RepositoryConfigurationDelegate - Bootstrapping Spring Data JPA repositories in DEFAULT mode.
2026-03-06 15:28:05 [main] INFO  o.s.d.r.c.RepositoryConfigurationDelegate - Finished Spring Data repository scanning in 143 ms. Found 30 JPA repository interfaces.
2026-03-06 15:28:05 [main] INFO  o.s.d.r.c.RepositoryConfigurationDelegate - Multiple Spring Data modules found, entering strict repository configuration mode
2026-03-06 15:28:05 [main] INFO  o.s.d.r.c.RepositoryConfigurationDelegate - Bootstrapping Spring Data Redis repositories in DEFAULT mode.
2026-03-06 15:28:05 [main] INFO  o.s.d.r.c.RepositoryConfigurationExtensionSupport - Spring Data Redis - Could not safely identify store assignment for repository candidate interface com.carbacount.audit.repository.AuditLogRepository; If you want this repository to be a Redis repository, consider annotating your entities with one of these annotations: org.springframework.data.redis.core.RedisHash (preferred), or consider extending one of the following types with your repository: org.springframework.data.keyvalue.repository.KeyValueRepository
2026-03-06 15:28:05 [main] INFO  o.s.d.r.c.RepositoryConfigurationExtensionSupport - Spring Data Redis - Could not safely identify store assignment for repository candidate interface com.carbacount.auth.repository.InvitationTokenRepository; If you want this repository to be a Redis repository, consider annotating your entities with one of these annotations: org.springframework.data.redis.core.RedisHash (preferred), or consider extending one of the following types with your repository: org.springframework.data.keyvalue.repository.KeyValueRepository
2026-03-06 15:28:05 [main] INFO  o.s.d.r.c.RepositoryConfigurationExtensionSupport - Spring Data Redis - Could not safely identify store assignment for repository candidate interface com.carbacount.emissions.repository.DataEntrySubmissionRepository; If you want this repository to be a Redis repository, consider annotating your entities with one of these annotations: org.springframework.data.redis.core.RedisHash (preferred), or consider extending one of the following types with your repository: org.springframework.data.keyvalue.repository.KeyValueRepository
2026-03-06 15:28:05 [main] INFO  o.s.d.r.c.RepositoryConfigurationExtensionSupport - Spring Data Redis - Could not safely identify store assignment for repository candidate interface com.carbacount.emissions.repository.EmissionFactorRepository; If you want this repository to be a Redis repository, consider annotating your entities with one of these annotations: org.springframework.data.redis.core.RedisHash (preferred), or consider extending one of the following types with your repository: org.springframework.data.keyvalue.repository.KeyValueRepository
2026-03-06 15:28:05 [main] INFO  o.s.d.r.c.RepositoryConfigurationExtensionSupport - Spring Data Redis - Could not safely identify store assignment for repository candidate interface com.carbacount.emissions.repository.EmissionResultRepository; If you want this repository to be a Redis repository, consider annotating your entities with one of these annotations: org.springframework.data.redis.core.RedisHash (preferred), or consider extending one of the following types with your repository: org.springframework.data.keyvalue.repository.KeyValueRepository
2026-03-06 15:28:05 [main] INFO  o.s.d.r.c.RepositoryConfigurationExtensionSupport - Spring Data Redis - Could not safely identify store assignment for repository candidate interface com.carbacount.emissions.repository.ProductionDataRepository; If you want this repository to be a Redis repository, consider annotating your entities with one of these annotations: org.springframework.data.redis.core.RedisHash (preferred), or consider extending one of the following types with your repository: org.springframework.data.keyvalue.repository.KeyValueRepository
2026-03-06 15:28:05 [main] INFO  o.s.d.r.c.RepositoryConfigurationExtensionSupport - Spring Data Redis - Could not safely identify store assignment for repository candidate interface com.carbacount.emissions.repository.Scope1Repository; If you want this repository to be a Redis repository, consider annotating your entities with one of these annotations: org.springframework.data.redis.core.RedisHash (preferred), or consider extending one of the following types with your repository: org.springframework.data.keyvalue.repository.KeyValueRepository
2026-03-06 15:28:05 [main] INFO  o.s.d.r.c.RepositoryConfigurationExtensionSupport - Spring Data Redis - Could not safely identify store assignment for repository candidate interface com.carbacount.emissions.repository.Scope2Repository; If you want this repository to be a Redis repository, consider annotating your entities with one of these annotations: org.springframework.data.redis.core.RedisHash (preferred), or consider extending one of the following types with your repository: org.springframework.data.keyvalue.repository.KeyValueRepository
2026-03-06 15:28:05 [main] INFO  o.s.d.r.c.RepositoryConfigurationExtensionSupport - Spring Data Redis - Could not safely identify store assignment for repository candidate interface com.carbacount.emissions.repository.Scope3ActivityRepository; If you want this repository to be a Redis repository, consider annotating your entities with one of these annotations: org.springframework.data.redis.core.RedisHash (preferred), or consider extending one of the following types with your repository: org.springframework.data.keyvalue.repository.KeyValueRepository
2026-03-06 15:28:05 [main] INFO  o.s.d.r.c.RepositoryConfigurationExtensionSupport - Spring Data Redis - Could not safely identify store assignment for repository candidate interface com.carbacount.facility.repository.FacilityRepository; If you want this repository to be a Redis repository, consider annotating your entities with one of these annotations: org.springframework.data.redis.core.RedisHash (preferred), or consider extending one of the following types with your repository: org.springframework.data.keyvalue.repository.KeyValueRepository
2026-03-06 15:28:05 [main] INFO  o.s.d.r.c.RepositoryConfigurationExtensionSupport - Spring Data Redis - Could not safely identify store assignment for repository candidate interface com.carbacount.facility.repository.FacilityUserMappingRepository; If you want this repository to be a Redis repository, consider annotating your entities with one of these annotations: org.springframework.data.redis.core.RedisHash (preferred), or consider extending one of the following types with your repository: org.springframework.data.keyvalue.repository.KeyValueRepository
2026-03-06 15:28:05 [main] INFO  o.s.d.r.c.RepositoryConfigurationExtensionSupport - Spring Data Redis - Could not safely identify store assignment for repository candidate interface com.carbacount.organization.repository.OrganizationRepository; If you want this repository to be a Redis repository, consider annotating your entities with one of these annotations: org.springframework.data.redis.core.RedisHash (preferred), or consider extending one of the following types with your repository: org.springframework.data.keyvalue.repository.KeyValueRepository
2026-03-06 15:28:05 [main] INFO  o.s.d.r.c.RepositoryConfigurationExtensionSupport - Spring Data Redis - Could not safely identify store assignment for repository candidate interface com.carbacount.organization.repository.OrganizationUserRepository; If you want this repository to be a Redis repository, consider annotating your entities with one of these annotations: org.springframework.data.redis.core.RedisHash (preferred), or consider extending one of the following types with your repository: org.springframework.data.keyvalue.repository.KeyValueRepository
2026-03-06 15:28:05 [main] INFO  o.s.d.r.c.RepositoryConfigurationExtensionSupport - Spring Data Redis - Could not safely identify store assignment for repository candidate interface com.carbacount.reporting.repository.ReportingYearRepository; If you want this repository to be a Redis repository, consider annotating your entities with one of these annotations: org.springframework.data.redis.core.RedisHash (preferred), or consider extending one of the following types with your repository: org.springframework.data.keyvalue.repository.KeyValueRepository
2026-03-06 15:28:05 [main] INFO  o.s.d.r.c.RepositoryConfigurationExtensionSupport - Spring Data Redis - Could not safely identify store assignment for repository candidate interface com.carbacount.user.repository.RoleRepository; If you want this repository to be a Redis repository, consider annotating your entities with one of these annotations: org.springframework.data.redis.core.RedisHash (preferred), or consider extending one of the following types with your repository: org.springframework.data.keyvalue.repository.KeyValueRepository
2026-03-06 15:28:05 [main] INFO  o.s.d.r.c.RepositoryConfigurationExtensionSupport - Spring Data Redis - Could not safely identify store assignment for repository candidate interface com.carbacount.user.repository.UserRepository; If you want this repository to be a Redis repository, consider annotating your entities with one of these annotations: org.springframework.data.redis.core.RedisHash (preferred), or consider extending one of the following types with your repository: org.springframework.data.keyvalue.repository.KeyValueRepository
2026-03-06 15:28:05 [main] INFO  o.s.d.r.c.RepositoryConfigurationDelegate - Finished Spring Data repository scanning in 18 ms. Found 0 Redis repository interfaces.
2026-03-06 15:28:06 [main] INFO  o.s.b.w.e.tomcat.TomcatWebServer - Tomcat initialized with port 8081 (http)
2026-03-06 15:28:06 [main] INFO  o.a.coyote.http11.Http11NioProtocol - Initializing ProtocolHandler ["http-nio-8081"]
2026-03-06 15:28:06 [main] INFO  o.a.catalina.core.StandardService - Starting service [Tomcat]
2026-03-06 15:28:06 [main] INFO  o.a.catalina.core.StandardEngine - Starting Servlet engine: [Apache Tomcat/10.1.19]
2026-03-06 15:28:06 [main] INFO  o.a.c.c.C.[Tomcat].[localhost].[/] - Initializing Spring embedded WebApplicationContext
2026-03-06 15:28:06 [main] INFO  o.s.b.w.s.c.ServletWebServerApplicationContext - Root WebApplicationContext: initialization completed in 1926 ms
2026-03-06 15:28:06 [main] INFO  com.zaxxer.hikari.HikariDataSource - HikariPool-1 - Starting...
2026-03-06 15:28:06 [main] INFO  com.zaxxer.hikari.pool.HikariPool - HikariPool-1 - Added connection org.postgresql.jdbc.PgConnection@1feb586d
2026-03-06 15:28:06 [main] INFO  com.zaxxer.hikari.HikariDataSource - HikariPool-1 - Start completed.
2026-03-06 15:28:06 [main] INFO  o.f.c.i.license.VersionPrinter - Flyway Community Edition 9.22.3 by Redgate
2026-03-06 15:28:06 [main] INFO  o.f.c.i.license.VersionPrinter - See release notes here: https://rd.gt/416ObMi
2026-03-06 15:28:06 [main] INFO  o.f.c.i.license.VersionPrinter - 
2026-03-06 15:28:06 [main] INFO  org.flywaydb.core.FlywayExecutor - Database: jdbc:postgresql://localhost:5433/carbon_db (PostgreSQL 18.3)
2026-03-06 15:28:06 [main] WARN  o.f.c.i.database.base.Database - Flyway upgrade recommended: PostgreSQL 18.3 is newer than this version of Flyway and support has not been tested. The latest supported version of PostgreSQL is 15.
2026-03-06 15:28:06 [main] INFO  o.f.c.i.s.JdbcTableSchemaHistory - Repair of failed migration in Schema History table "public"."flyway_schema_history" not necessary. No failed migration detected.
2026-03-06 15:28:06 [main] INFO  o.f.c.i.s.JdbcTableSchemaHistory - Repairing Schema History table for version 5 (Description: add auditor role and admin seed, Type: SQL, Checksum: -1142476800)  ...
2026-03-06 15:28:06 [main] INFO  o.f.c.i.s.JdbcTableSchemaHistory - Repairing Schema History table for version 9 (Description: create data entry submissions, Type: SQL, Checksum: 354164618)  ...
2026-03-06 15:28:06 [main] INFO  o.f.core.internal.command.DbRepair - Successfully repaired schema history table "public"."flyway_schema_history" (execution time 00:00.035s).
2026-03-06 15:28:06 [main] WARN  o.f.c.i.database.base.Database - Flyway upgrade recommended: PostgreSQL 18.3 is newer than this version of Flyway and support has not been tested. The latest supported version of PostgreSQL is 15.
2026-03-06 15:28:06 [main] INFO  o.f.core.internal.command.DbValidate - Successfully validated 11 migrations (execution time 00:00.006s)
2026-03-06 15:28:06 [main] INFO  o.f.core.internal.command.DbMigrate - Current version of schema "public": 11
2026-03-06 15:28:06 [main] INFO  o.f.core.internal.command.DbMigrate - Schema "public" is up to date. No migration necessary.
2026-03-06 15:28:06 [main] INFO  o.h.jpa.internal.util.LogHelper - HHH000204: Processing PersistenceUnitInfo [name: default]
2026-03-06 15:28:07 [main] INFO  org.hibernate.Version - HHH000412: Hibernate ORM core version 6.4.4.Final
2026-03-06 15:28:07 [main] INFO  o.h.c.i.RegionFactoryInitiator - HHH000026: Second-level cache disabled
2026-03-06 15:28:07 [main] INFO  o.s.o.j.p.SpringPersistenceUnitInfo - No LoadTimeWeaver setup: ignoring JPA class transformer
2026-03-06 15:28:07 [main] WARN  org.hibernate.orm.deprecation - HHH90000025: PostgreSQLDialect does not need to be specified explicitly using 'hibernate.dialect' (remove the property setting and it will be selected by default)
2026-03-06 15:28:08 [main] INFO  o.h.e.t.j.p.i.JtaPlatformInitiator - HHH000489: No JTA platform available (set 'hibernate.transaction.jta.platform' to enable JTA platform integration)
2026-03-06 15:28:08 [main] INFO  o.s.o.j.LocalContainerEntityManagerFactoryBean - Initialized JPA EntityManagerFactory for persistence unit 'default'
2026-03-06 15:28:08 [main] INFO  o.s.d.j.r.query.QueryEnhancerFactory - Hibernate is in classpath; If applicable, HQL parser will be used.
2026-03-06 15:28:10 [main] WARN  o.s.b.a.o.j.JpaBaseConfiguration$JpaWebConfiguration - spring.jpa.open-in-view is enabled by default. Therefore, database queries may be performed during view rendering. Explicitly configure spring.jpa.open-in-view to disable this warning
2026-03-06 15:28:11 [main] INFO  o.s.b.a.e.web.EndpointLinksResolver - Exposing 1 endpoint(s) beneath base path '/actuator'
2026-03-06 15:28:11 [main] INFO  o.s.s.web.DefaultSecurityFilterChain - Will secure any request with [org.springframework.security.web.session.DisableEncodeUrlFilter@56be1b09, org.springframework.security.web.context.request.async.WebAsyncManagerIntegrationFilter@1d4c5f8b, org.springframework.security.web.context.SecurityContextHolderFilter@7440b783, org.springframework.security.web.header.HeaderWriterFilter@121f1533, org.springframework.web.filter.CorsFilter@507bb74a, org.springframework.security.web.authentication.logout.LogoutFilter@639cff0e, com.carbacount.security.JwtAuthenticationFilter@6e9d60e1, org.springframework.security.web.savedrequest.RequestCacheAwareFilter@4e29aac7, org.springframework.security.web.servletapi.SecurityContextHolderAwareRequestFilter@3466cba1, org.springframework.security.web.authentication.AnonymousAuthenticationFilter@1d74b85d, org.springframework.security.web.session.SessionManagementFilter@1f3241b3, org.springframework.security.web.access.ExceptionTranslationFilter@d64aeb0, org.springframework.security.web.access.intercept.AuthorizationFilter@73153938]
2026-03-06 15:28:11 [main] INFO  o.a.coyote.http11.Http11NioProtocol - Starting ProtocolHandler ["http-nio-8081"]
2026-03-06 15:28:11 [main] INFO  o.s.b.w.e.tomcat.TomcatWebServer - Tomcat started on port 8081 (http) with context path ''
2026-03-06 15:28:11 [main] INFO  c.carbacount.CarbaCountApplication - Started CarbaCountApplication in 8.008 seconds (process running for 8.301)
Hibernate: 
    select
        u1_0.id,
        u1_0.created_at,
        u1_0.email,
        u1_0.full_name,
        u1_0.password_hash,
        u1_0.status,
        u1_0.updated_at 
    from
        users u1_0 
    where
        u1_0.email=?
2026-03-06 15:28:12 [main] INFO  c.c.config.PlatformAdminInitializer - Platform ADMIN user found — ensuring password hash is up to date
2026-03-06 15:28:12 [main] INFO  c.c.config.PlatformAdminInitializer - Platform ADMIN user verified and password reset: admin@carbacount.com
Hibernate: 
    update
        users 
    set
        email=?,
        full_name=?,
        password_hash=?,
        status=?,
        updated_at=? 
    where
        id=?
[[1;34mINFO[m] [1m------------------------------------------------------------------------[m
[[1;34mINFO[m] [1;31mBUILD FAILURE[m
[[1;34mINFO[m] [1m------------------------------------------------------------------------[m
[[1;34mINFO[m] Total time:  35.976 s
[[1;34mINFO[m] Finished at: 2026-03-06T15:28:38+05:30
[[1;34mINFO[m] [1m------------------------------------------------------------------------[m
[[1;31mERROR[m] Failed to execute goal [32morg.springframework.boot:spring-boot-maven-plugin:3.2.3:run[m [1m(default-cli)[m on project [36mcarbon-accounting[m: [1;31mProcess terminated with exit code: 137[m -> [1m[Help 1][m
[[1;31mERROR[m] 
[[1;31mERROR[m] To see the full stack trace of the errors, re-run Maven with the [1m-e[m switch.
[[1;31mERROR[m] Re-run Maven using the [1m-X[m switch to enable full debug logging.
[[1;31mERROR[m] 
[[1;31mERROR[m] For more information about the errors and possible solutions, please read the following articles:
[[1;31mERROR[m] [1m[Help 1][m http://cwiki.apache.org/confluence/display/MAVEN/MojoExecutionException
