[[1;34mINFO[m] Scanning for projects...
[[1;34mINFO[m] 
[[1;34mINFO[m] [1m--------------------< [0;36mcom.carbon:carbon-accounting[0;1m >--------------------[m
[[1;34mINFO[m] [1mBuilding carbon-accounting 0.0.1-SNAPSHOT[m
[[1;34mINFO[m] [1m--------------------------------[ jar ]---------------------------------[m
[[1;34mINFO[m] 
[[1;34mINFO[m] [1m>>> [0;32mspring-boot-maven-plugin:3.2.3:run[m [1m(default-cli)[0;1m > [0;1mtest-compile[m @ [36mcarbon-accounting[0;1m >>>[m
[[1;34mINFO[m] 
[[1;34mINFO[m] [1m--- [0;32mmaven-resources-plugin:3.3.1:resources[m [1m(default-resources)[m @ [36mcarbon-accounting[0;1m ---[m
[[1;34mINFO[m] Copying 3 resources from src/main/resources to target/classes
[[1;34mINFO[m] Copying 12 resources from src/main/resources to target/classes
[[1;34mINFO[m] 
[[1;34mINFO[m] [1m--- [0;32mmaven-compiler-plugin:3.11.0:compile[m [1m(default-compile)[m @ [36mcarbon-accounting[0;1m ---[m
[[1;34mINFO[m] Changes detected - recompiling the module! :input tree
[[1;34mINFO[m] Compiling 198 source files with javac [debug release 17] to target/classes
[[1;34mINFO[m] 
[[1;34mINFO[m] [1m--- [0;32mmaven-resources-plugin:3.3.1:testResources[m [1m(default-testResources)[m @ [36mcarbon-accounting[0;1m ---[m
[[1;34mINFO[m] skip non existing resourceDirectory /home/naman/Desktop/carbacount_gama/carbon-accounting/src/test/resources
[[1;34mINFO[m] 
[[1;34mINFO[m] [1m--- [0;32mmaven-compiler-plugin:3.11.0:testCompile[m [1m(default-testCompile)[m @ [36mcarbon-accounting[0;1m ---[m
[[1;34mINFO[m] Changes detected - recompiling the module! :dependency
[[1;34mINFO[m] 
[[1;34mINFO[m] [1m<<< [0;32mspring-boot-maven-plugin:3.2.3:run[m [1m(default-cli)[0;1m < [0;1mtest-compile[m @ [36mcarbon-accounting[0;1m <<<[m
[[1;34mINFO[m] 
[[1;34mINFO[m] 
[[1;34mINFO[m] [1m--- [0;32mspring-boot-maven-plugin:3.2.3:run[m [1m(default-cli)[m @ [36mcarbon-accounting[0;1m ---[m
[[1;34mINFO[m] Attaching agents: []
16:00:39,560 |-INFO in ch.qos.logback.classic.LoggerContext[default] - This is logback-classic version 1.4.14
16:00:39,568 |-INFO in ch.qos.logback.classic.util.ContextInitializer@e54303 - Here is a list of configurators discovered as a service, by rank: 
16:00:39,568 |-INFO in ch.qos.logback.classic.util.ContextInitializer@e54303 -   org.springframework.boot.logging.logback.RootLogLevelConfigurator
16:00:39,568 |-INFO in ch.qos.logback.classic.util.ContextInitializer@e54303 - They will be invoked in order until ExecutionStatus.DO_NOT_INVOKE_NEXT_IF_ANY is returned.
16:00:39,568 |-INFO in ch.qos.logback.classic.util.ContextInitializer@e54303 - Constructed configurator of type class org.springframework.boot.logging.logback.RootLogLevelConfigurator
16:00:39,607 |-INFO in ch.qos.logback.classic.util.ContextInitializer@e54303 - org.springframework.boot.logging.logback.RootLogLevelConfigurator.configure() call lasted 1 milliseconds. ExecutionStatus=INVOKE_NEXT_IF_ANY
16:00:39,608 |-INFO in ch.qos.logback.classic.util.ContextInitializer@e54303 - Trying to configure with ch.qos.logback.classic.joran.SerializedModelConfigurator
16:00:39,609 |-INFO in ch.qos.logback.classic.util.ContextInitializer@e54303 - Constructed configurator of type class ch.qos.logback.classic.joran.SerializedModelConfigurator
16:00:39,613 |-INFO in ch.qos.logback.classic.LoggerContext[default] - Could NOT find resource [logback-test.scmo]
16:00:39,613 |-INFO in ch.qos.logback.classic.LoggerContext[default] - Could NOT find resource [logback.scmo]
16:00:39,613 |-INFO in ch.qos.logback.classic.util.ContextInitializer@e54303 - ch.qos.logback.classic.joran.SerializedModelConfigurator.configure() call lasted 4 milliseconds. ExecutionStatus=INVOKE_NEXT_IF_ANY
16:00:39,613 |-INFO in ch.qos.logback.classic.util.ContextInitializer@e54303 - Trying to configure with ch.qos.logback.classic.util.DefaultJoranConfigurator
16:00:39,614 |-INFO in ch.qos.logback.classic.util.ContextInitializer@e54303 - Constructed configurator of type class ch.qos.logback.classic.util.DefaultJoranConfigurator
16:00:39,615 |-INFO in ch.qos.logback.classic.LoggerContext[default] - Could NOT find resource [logback-test.xml]
16:00:39,615 |-INFO in ch.qos.logback.classic.LoggerContext[default] - Could NOT find resource [logback.xml]
16:00:39,616 |-INFO in ch.qos.logback.classic.util.ContextInitializer@e54303 - ch.qos.logback.classic.util.DefaultJoranConfigurator.configure() call lasted 1 milliseconds. ExecutionStatus=INVOKE_NEXT_IF_ANY
16:00:39,616 |-INFO in ch.qos.logback.classic.util.ContextInitializer@e54303 - Trying to configure with ch.qos.logback.classic.BasicConfigurator
16:00:39,617 |-INFO in ch.qos.logback.classic.util.ContextInitializer@e54303 - Constructed configurator of type class ch.qos.logback.classic.BasicConfigurator
16:00:39,617 |-INFO in ch.qos.logback.classic.BasicConfigurator@e8df99a - Setting up default configuration.
16:00:39,662 |-INFO in ch.qos.logback.classic.util.ContextInitializer@e54303 - ch.qos.logback.classic.BasicConfigurator.configure() call lasted 45 milliseconds. ExecutionStatus=NEUTRAL
16:00:40,355 |-INFO in ch.qos.logback.core.model.processor.AppenderModelHandler - Processing appender named [Console]
16:00:40,355 |-INFO in ch.qos.logback.core.model.processor.AppenderModelHandler - About to instantiate appender of type [ch.qos.logback.core.ConsoleAppender]
16:00:40,373 |-WARN in ch.qos.logback.core.ConsoleAppender[Console] - This appender no longer admits a layout as a sub-component, set an encoder instead.
16:00:40,373 |-WARN in ch.qos.logback.core.ConsoleAppender[Console] - To ensure compatibility, wrapping your layout in LayoutWrappingEncoder.
16:00:40,373 |-WARN in ch.qos.logback.core.ConsoleAppender[Console] - See also http://logback.qos.ch/codes.html#layoutInsteadOfEncoder for details
16:00:40,373 |-INFO in ch.qos.logback.core.model.processor.AppenderModelHandler - Processing appender named [RollingFile]
16:00:40,373 |-INFO in ch.qos.logback.core.model.processor.AppenderModelHandler - About to instantiate appender of type [ch.qos.logback.core.rolling.RollingFileAppender]
16:00:40,382 |-INFO in c.q.l.core.rolling.TimeBasedRollingPolicy@768185844 - No compression will be used
16:00:40,383 |-INFO in c.q.l.core.rolling.TimeBasedRollingPolicy@768185844 - Will use the pattern ./logs/archived/application-%d{yyyy-MM-dd}.%i.log for the active file
16:00:40,401 |-INFO in ch.qos.logback.core.rolling.SizeAndTimeBasedFNATP@2f40e5db - The date pattern is 'yyyy-MM-dd' from file name pattern './logs/archived/application-%d{yyyy-MM-dd}.%i.log'.
16:00:40,401 |-INFO in ch.qos.logback.core.rolling.SizeAndTimeBasedFNATP@2f40e5db - Roll-over at midnight.
16:00:40,408 |-INFO in ch.qos.logback.core.rolling.SizeAndTimeBasedFNATP@2f40e5db - Setting initial period to 2026-03-06T10:30:22.606Z
16:00:40,408 |-WARN in ch.qos.logback.core.rolling.SizeAndTimeBasedFNATP@2f40e5db - SizeAndTimeBasedFNATP is deprecated. Use SizeAndTimeBasedRollingPolicy instead
16:00:40,408 |-WARN in ch.qos.logback.core.rolling.SizeAndTimeBasedFNATP@2f40e5db - For more information see http://logback.qos.ch/manual/appenders.html#SizeAndTimeBasedRollingPolicy
16:00:40,415 |-INFO in ch.qos.logback.core.rolling.RollingFileAppender[RollingFile] - Active log file name: ./logs/application.log
16:00:40,415 |-INFO in ch.qos.logback.core.rolling.RollingFileAppender[RollingFile] - File property is set to [./logs/application.log]
16:00:40,416 |-INFO in ch.qos.logback.core.model.processor.AppenderModelHandler - Processing appender named [ErrorFile]
16:00:40,416 |-INFO in ch.qos.logback.core.model.processor.AppenderModelHandler - About to instantiate appender of type [ch.qos.logback.core.rolling.RollingFileAppender]
16:00:40,420 |-INFO in c.q.l.core.rolling.TimeBasedRollingPolicy@85415531 - No compression will be used
16:00:40,420 |-INFO in c.q.l.core.rolling.TimeBasedRollingPolicy@85415531 - Will use the pattern ./logs/archived/error-%d{yyyy-MM-dd}.%i.log for the active file
16:00:40,420 |-INFO in ch.qos.logback.core.rolling.SizeAndTimeBasedFNATP@64b73e7a - The date pattern is 'yyyy-MM-dd' from file name pattern './logs/archived/error-%d{yyyy-MM-dd}.%i.log'.
16:00:40,420 |-INFO in ch.qos.logback.core.rolling.SizeAndTimeBasedFNATP@64b73e7a - Roll-over at midnight.
16:00:40,421 |-INFO in ch.qos.logback.core.rolling.SizeAndTimeBasedFNATP@64b73e7a - Setting initial period to 2026-03-06T09:29:58.833Z
16:00:40,421 |-WARN in ch.qos.logback.core.rolling.SizeAndTimeBasedFNATP@64b73e7a - SizeAndTimeBasedFNATP is deprecated. Use SizeAndTimeBasedRollingPolicy instead
16:00:40,421 |-WARN in ch.qos.logback.core.rolling.SizeAndTimeBasedFNATP@64b73e7a - For more information see http://logback.qos.ch/manual/appenders.html#SizeAndTimeBasedRollingPolicy
16:00:40,421 |-INFO in ch.qos.logback.core.rolling.RollingFileAppender[ErrorFile] - Active log file name: ./logs/error.log
16:00:40,421 |-INFO in ch.qos.logback.core.rolling.RollingFileAppender[ErrorFile] - File property is set to [./logs/error.log]
16:00:40,422 |-INFO in ch.qos.logback.classic.model.processor.RootLoggerModelHandler - Setting level of ROOT logger to INFO
16:00:40,422 |-INFO in ch.qos.logback.classic.jul.LevelChangePropagator@530712d - Propagating INFO level on Logger[ROOT] onto the JUL framework
16:00:40,423 |-INFO in ch.qos.logback.core.model.processor.AppenderRefModelHandler - Attaching appender named [RollingFile] to Logger[ROOT]
16:00:40,423 |-INFO in ch.qos.logback.core.model.processor.AppenderRefModelHandler - Attaching appender named [Console] to Logger[ROOT]
16:00:40,423 |-INFO in ch.qos.logback.core.model.processor.AppenderRefModelHandler - Attaching appender named [ErrorFile] to Logger[ROOT]
16:00:40,423 |-INFO in ch.qos.logback.classic.model.processor.LoggerModelHandler - Setting level of logger [com.carbon.accounting] to INFO
16:00:40,424 |-INFO in ch.qos.logback.classic.jul.LevelChangePropagator@530712d - Propagating INFO level on Logger[com.carbon.accounting] onto the JUL framework
16:00:40,429 |-INFO in ch.qos.logback.classic.model.processor.LoggerModelHandler - Setting additivity of logger [com.carbon.accounting] to false
16:00:40,429 |-INFO in ch.qos.logback.core.model.processor.AppenderRefModelHandler - Attaching appender named [RollingFile] to Logger[com.carbon.accounting]
16:00:40,429 |-INFO in ch.qos.logback.core.model.processor.AppenderRefModelHandler - Attaching appender named [Console] to Logger[com.carbon.accounting]
16:00:40,429 |-INFO in ch.qos.logback.core.model.processor.AppenderRefModelHandler - Attaching appender named [ErrorFile] to Logger[com.carbon.accounting]
16:00:40,429 |-INFO in ch.qos.logback.core.model.processor.DefaultProcessor@2df6226d - End of configuration.
16:00:40,430 |-INFO in org.springframework.boot.logging.logback.SpringBootJoranConfigurator@12ed9db6 - Registering current configuration as safe fallback point


  .   ____          _            __ _ _
 /\\ / ___'_ __ _ _(_)_ __  __ _ \ \ \ \
( ( )\___ | '_ | '_| | '_ \/ _` | \ \ \ \
 \\/  ___)| |_)| | | | | || (_| |  ) ) ) )
  '  |____| .__|_| |_|_| |_\__, | / / / /
 =========|_|==============|___/=/_/_/_/
 :: Spring Boot ::                (v3.2.3)

2026-03-06 16:00:40 [background-preinit] INFO  o.h.validator.internal.util.Version - HV000001: Hibernate Validator 8.0.1.Final
2026-03-06 16:00:40 [main] INFO  c.carbacount.CarbaCountApplication - Starting CarbaCountApplication using Java 17.0.18 with PID 544526 (/home/naman/Desktop/carbacount_gama/carbon-accounting/target/classes started by naman in /home/naman/Desktop/carbacount_gama/carbon-accounting)
2026-03-06 16:00:40 [main] INFO  c.carbacount.CarbaCountApplication - No active profile set, falling back to 1 default profile: "default"
2026-03-06 16:00:41 [main] INFO  o.s.d.r.c.RepositoryConfigurationDelegate - Multiple Spring Data modules found, entering strict repository configuration mode
2026-03-06 16:00:41 [main] INFO  o.s.d.r.c.RepositoryConfigurationDelegate - Bootstrapping Spring Data JPA repositories in DEFAULT mode.
2026-03-06 16:00:41 [main] INFO  o.s.d.r.c.RepositoryConfigurationDelegate - Finished Spring Data repository scanning in 172 ms. Found 30 JPA repository interfaces.
2026-03-06 16:00:41 [main] INFO  o.s.d.r.c.RepositoryConfigurationDelegate - Multiple Spring Data modules found, entering strict repository configuration mode
2026-03-06 16:00:41 [main] INFO  o.s.d.r.c.RepositoryConfigurationDelegate - Bootstrapping Spring Data Redis repositories in DEFAULT mode.
2026-03-06 16:00:41 [main] INFO  o.s.d.r.c.RepositoryConfigurationExtensionSupport - Spring Data Redis - Could not safely identify store assignment for repository candidate interface com.carbacount.audit.repository.AuditLogRepository; If you want this repository to be a Redis repository, consider annotating your entities with one of these annotations: org.springframework.data.redis.core.RedisHash (preferred), or consider extending one of the following types with your repository: org.springframework.data.keyvalue.repository.KeyValueRepository
2026-03-06 16:00:41 [main] INFO  o.s.d.r.c.RepositoryConfigurationExtensionSupport - Spring Data Redis - Could not safely identify store assignment for repository candidate interface com.carbacount.auth.repository.InvitationTokenRepository; If you want this repository to be a Redis repository, consider annotating your entities with one of these annotations: org.springframework.data.redis.core.RedisHash (preferred), or consider extending one of the following types with your repository: org.springframework.data.keyvalue.repository.KeyValueRepository
2026-03-06 16:00:41 [main] INFO  o.s.d.r.c.RepositoryConfigurationExtensionSupport - Spring Data Redis - Could not safely identify store assignment for repository candidate interface com.carbacount.emissions.repository.DataEntrySubmissionRepository; If you want this repository to be a Redis repository, consider annotating your entities with one of these annotations: org.springframework.data.redis.core.RedisHash (preferred), or consider extending one of the following types with your repository: org.springframework.data.keyvalue.repository.KeyValueRepository
2026-03-06 16:00:41 [main] INFO  o.s.d.r.c.RepositoryConfigurationExtensionSupport - Spring Data Redis - Could not safely identify store assignment for repository candidate interface com.carbacount.emissions.repository.EmissionFactorRepository; If you want this repository to be a Redis repository, consider annotating your entities with one of these annotations: org.springframework.data.redis.core.RedisHash (preferred), or consider extending one of the following types with your repository: org.springframework.data.keyvalue.repository.KeyValueRepository
2026-03-06 16:00:41 [main] INFO  o.s.d.r.c.RepositoryConfigurationExtensionSupport - Spring Data Redis - Could not safely identify store assignment for repository candidate interface com.carbacount.emissions.repository.EmissionResultRepository; If you want this repository to be a Redis repository, consider annotating your entities with one of these annotations: org.springframework.data.redis.core.RedisHash (preferred), or consider extending one of the following types with your repository: org.springframework.data.keyvalue.repository.KeyValueRepository
2026-03-06 16:00:41 [main] INFO  o.s.d.r.c.RepositoryConfigurationExtensionSupport - Spring Data Redis - Could not safely identify store assignment for repository candidate interface com.carbacount.emissions.repository.ProductionDataRepository; If you want this repository to be a Redis repository, consider annotating your entities with one of these annotations: org.springframework.data.redis.core.RedisHash (preferred), or consider extending one of the following types with your repository: org.springframework.data.keyvalue.repository.KeyValueRepository
2026-03-06 16:00:41 [main] INFO  o.s.d.r.c.RepositoryConfigurationExtensionSupport - Spring Data Redis - Could not safely identify store assignment for repository candidate interface com.carbacount.emissions.repository.Scope1Repository; If you want this repository to be a Redis repository, consider annotating your entities with one of these annotations: org.springframework.data.redis.core.RedisHash (preferred), or consider extending one of the following types with your repository: org.springframework.data.keyvalue.repository.KeyValueRepository
2026-03-06 16:00:41 [main] INFO  o.s.d.r.c.RepositoryConfigurationExtensionSupport - Spring Data Redis - Could not safely identify store assignment for repository candidate interface com.carbacount.emissions.repository.Scope2Repository; If you want this repository to be a Redis repository, consider annotating your entities with one of these annotations: org.springframework.data.redis.core.RedisHash (preferred), or consider extending one of the following types with your repository: org.springframework.data.keyvalue.repository.KeyValueRepository
2026-03-06 16:00:41 [main] INFO  o.s.d.r.c.RepositoryConfigurationExtensionSupport - Spring Data Redis - Could not safely identify store assignment for repository candidate interface com.carbacount.emissions.repository.Scope3ActivityRepository; If you want this repository to be a Redis repository, consider annotating your entities with one of these annotations: org.springframework.data.redis.core.RedisHash (preferred), or consider extending one of the following types with your repository: org.springframework.data.keyvalue.repository.KeyValueRepository
2026-03-06 16:00:41 [main] INFO  o.s.d.r.c.RepositoryConfigurationExtensionSupport - Spring Data Redis - Could not safely identify store assignment for repository candidate interface com.carbacount.facility.repository.FacilityRepository; If you want this repository to be a Redis repository, consider annotating your entities with one of these annotations: org.springframework.data.redis.core.RedisHash (preferred), or consider extending one of the following types with your repository: org.springframework.data.keyvalue.repository.KeyValueRepository
2026-03-06 16:00:41 [main] INFO  o.s.d.r.c.RepositoryConfigurationExtensionSupport - Spring Data Redis - Could not safely identify store assignment for repository candidate interface com.carbacount.facility.repository.FacilityUserMappingRepository; If you want this repository to be a Redis repository, consider annotating your entities with one of these annotations: org.springframework.data.redis.core.RedisHash (preferred), or consider extending one of the following types with your repository: org.springframework.data.keyvalue.repository.KeyValueRepository
2026-03-06 16:00:41 [main] INFO  o.s.d.r.c.RepositoryConfigurationExtensionSupport - Spring Data Redis - Could not safely identify store assignment for repository candidate interface com.carbacount.organization.repository.OrganizationRepository; If you want this repository to be a Redis repository, consider annotating your entities with one of these annotations: org.springframework.data.redis.core.RedisHash (preferred), or consider extending one of the following types with your repository: org.springframework.data.keyvalue.repository.KeyValueRepository
2026-03-06 16:00:41 [main] INFO  o.s.d.r.c.RepositoryConfigurationExtensionSupport - Spring Data Redis - Could not safely identify store assignment for repository candidate interface com.carbacount.organization.repository.OrganizationUserRepository; If you want this repository to be a Redis repository, consider annotating your entities with one of these annotations: org.springframework.data.redis.core.RedisHash (preferred), or consider extending one of the following types with your repository: org.springframework.data.keyvalue.repository.KeyValueRepository
2026-03-06 16:00:41 [main] INFO  o.s.d.r.c.RepositoryConfigurationExtensionSupport - Spring Data Redis - Could not safely identify store assignment for repository candidate interface com.carbacount.reporting.repository.ReportingYearRepository; If you want this repository to be a Redis repository, consider annotating your entities with one of these annotations: org.springframework.data.redis.core.RedisHash (preferred), or consider extending one of the following types with your repository: org.springframework.data.keyvalue.repository.KeyValueRepository
2026-03-06 16:00:41 [main] INFO  o.s.d.r.c.RepositoryConfigurationExtensionSupport - Spring Data Redis - Could not safely identify store assignment for repository candidate interface com.carbacount.user.repository.RoleRepository; If you want this repository to be a Redis repository, consider annotating your entities with one of these annotations: org.springframework.data.redis.core.RedisHash (preferred), or consider extending one of the following types with your repository: org.springframework.data.keyvalue.repository.KeyValueRepository
2026-03-06 16:00:41 [main] INFO  o.s.d.r.c.RepositoryConfigurationExtensionSupport - Spring Data Redis - Could not safely identify store assignment for repository candidate interface com.carbacount.user.repository.UserRepository; If you want this repository to be a Redis repository, consider annotating your entities with one of these annotations: org.springframework.data.redis.core.RedisHash (preferred), or consider extending one of the following types with your repository: org.springframework.data.keyvalue.repository.KeyValueRepository
2026-03-06 16:00:41 [main] INFO  o.s.d.r.c.RepositoryConfigurationDelegate - Finished Spring Data repository scanning in 14 ms. Found 0 Redis repository interfaces.
2026-03-06 16:00:42 [main] INFO  o.s.b.w.e.tomcat.TomcatWebServer - Tomcat initialized with port 8081 (http)
2026-03-06 16:00:42 [main] INFO  o.a.coyote.http11.Http11NioProtocol - Initializing ProtocolHandler ["http-nio-8081"]
2026-03-06 16:00:42 [main] INFO  o.a.catalina.core.StandardService - Starting service [Tomcat]
2026-03-06 16:00:42 [main] INFO  o.a.catalina.core.StandardEngine - Starting Servlet engine: [Apache Tomcat/10.1.19]
2026-03-06 16:00:42 [main] INFO  o.a.c.c.C.[Tomcat].[localhost].[/] - Initializing Spring embedded WebApplicationContext
2026-03-06 16:00:42 [main] INFO  o.s.b.w.s.c.ServletWebServerApplicationContext - Root WebApplicationContext: initialization completed in 1946 ms
2026-03-06 16:00:42 [main] INFO  com.zaxxer.hikari.HikariDataSource - HikariPool-1 - Starting...
2026-03-06 16:00:42 [main] INFO  com.zaxxer.hikari.pool.HikariPool - HikariPool-1 - Added connection org.postgresql.jdbc.PgConnection@28b2e4d8
2026-03-06 16:00:42 [main] INFO  com.zaxxer.hikari.HikariDataSource - HikariPool-1 - Start completed.
2026-03-06 16:00:42 [main] INFO  o.f.c.i.license.VersionPrinter - Flyway Community Edition 9.22.3 by Redgate
2026-03-06 16:00:42 [main] INFO  o.f.c.i.license.VersionPrinter - See release notes here: https://rd.gt/416ObMi
2026-03-06 16:00:42 [main] INFO  o.f.c.i.license.VersionPrinter - 
2026-03-06 16:00:42 [main] INFO  org.flywaydb.core.FlywayExecutor - Database: jdbc:postgresql://localhost:5433/carbon_db (PostgreSQL 18.3)
2026-03-06 16:00:42 [main] WARN  o.f.c.i.database.base.Database - Flyway upgrade recommended: PostgreSQL 18.3 is newer than this version of Flyway and support has not been tested. The latest supported version of PostgreSQL is 15.
2026-03-06 16:00:42 [main] INFO  o.f.c.i.s.JdbcTableSchemaHistory - Repair of failed migration in Schema History table "public"."flyway_schema_history" not necessary. No failed migration detected.
2026-03-06 16:00:42 [main] INFO  o.f.core.internal.command.DbRepair - Successfully repaired schema history table "public"."flyway_schema_history" (execution time 00:00.020s).
2026-03-06 16:00:42 [main] WARN  o.f.c.i.database.base.Database - Flyway upgrade recommended: PostgreSQL 18.3 is newer than this version of Flyway and support has not been tested. The latest supported version of PostgreSQL is 15.
2026-03-06 16:00:42 [main] INFO  o.f.core.internal.command.DbValidate - Successfully validated 11 migrations (execution time 00:00.007s)
2026-03-06 16:00:42 [main] INFO  o.f.core.internal.command.DbMigrate - Current version of schema "public": 11
2026-03-06 16:00:42 [main] INFO  o.f.core.internal.command.DbMigrate - Schema "public" is up to date. No migration necessary.
2026-03-06 16:00:43 [main] INFO  o.h.jpa.internal.util.LogHelper - HHH000204: Processing PersistenceUnitInfo [name: default]
2026-03-06 16:00:43 [main] INFO  org.hibernate.Version - HHH000412: Hibernate ORM core version 6.4.4.Final
2026-03-06 16:00:43 [main] INFO  o.h.c.i.RegionFactoryInitiator - HHH000026: Second-level cache disabled
2026-03-06 16:00:43 [main] INFO  o.s.o.j.p.SpringPersistenceUnitInfo - No LoadTimeWeaver setup: ignoring JPA class transformer
2026-03-06 16:00:43 [main] WARN  org.hibernate.orm.deprecation - HHH90000025: PostgreSQLDialect does not need to be specified explicitly using 'hibernate.dialect' (remove the property setting and it will be selected by default)
2026-03-06 16:00:44 [main] INFO  o.h.e.t.j.p.i.JtaPlatformInitiator - HHH000489: No JTA platform available (set 'hibernate.transaction.jta.platform' to enable JTA platform integration)
2026-03-06 16:00:44 [main] INFO  o.s.o.j.LocalContainerEntityManagerFactoryBean - Initialized JPA EntityManagerFactory for persistence unit 'default'
2026-03-06 16:00:44 [main] INFO  o.s.d.j.r.query.QueryEnhancerFactory - Hibernate is in classpath; If applicable, HQL parser will be used.
2026-03-06 16:00:46 [main] WARN  o.s.b.a.o.j.JpaBaseConfiguration$JpaWebConfiguration - spring.jpa.open-in-view is enabled by default. Therefore, database queries may be performed during view rendering. Explicitly configure spring.jpa.open-in-view to disable this warning
2026-03-06 16:00:46 [main] INFO  o.s.b.a.e.web.EndpointLinksResolver - Exposing 1 endpoint(s) beneath base path '/actuator'
2026-03-06 16:00:46 [main] INFO  o.s.s.web.DefaultSecurityFilterChain - Will secure any request with [org.springframework.security.web.session.DisableEncodeUrlFilter@7c2c3098, org.springframework.security.web.context.request.async.WebAsyncManagerIntegrationFilter@3fa4fe1f, org.springframework.security.web.context.SecurityContextHolderFilter@430bcbd4, org.springframework.security.web.header.HeaderWriterFilter@442e3600, org.springframework.web.filter.CorsFilter@4e29aac7, org.springframework.security.web.authentication.logout.LogoutFilter@38b24746, com.carbacount.security.JwtAuthenticationFilter@55c9e012, org.springframework.security.web.savedrequest.RequestCacheAwareFilter@6ca20c96, org.springframework.security.web.servletapi.SecurityContextHolderAwareRequestFilter@4790479a, org.springframework.security.web.authentication.AnonymousAuthenticationFilter@311fd276, org.springframework.security.web.session.SessionManagementFilter@4088f5f3, org.springframework.security.web.access.ExceptionTranslationFilter@3f1870bc, org.springframework.security.web.access.intercept.AuthorizationFilter@342daa77]
2026-03-06 16:00:47 [main] INFO  o.a.coyote.http11.Http11NioProtocol - Starting ProtocolHandler ["http-nio-8081"]
2026-03-06 16:00:47 [main] INFO  o.s.b.w.e.tomcat.TomcatWebServer - Tomcat started on port 8081 (http) with context path ''
2026-03-06 16:00:47 [main] INFO  c.carbacount.CarbaCountApplication - Started CarbaCountApplication in 7.439 seconds (process running for 8.078)
Hibernate: 
    select
        u1_0.id,
        u1_0.created_at,
        u1_0.email,
        u1_0.full_name,
        u1_0.password_hash,
        u1_0.status,
        u1_0.updated_at 
    from
        users u1_0 
    where
        u1_0.email=?
2026-03-06 16:00:47 [main] INFO  c.c.config.PlatformAdminInitializer - Platform ADMIN user found — ensuring password hash is up to date
2026-03-06 16:00:47 [main] INFO  c.c.config.PlatformAdminInitializer - Platform ADMIN user verified and password reset: admin@carbacount.com
Hibernate: 
    update
        users 
    set
        email=?,
        full_name=?,
        password_hash=?,
        status=?,
        updated_at=? 
    where
        id=?
2026-03-06 16:01:57 [http-nio-8081-exec-1] INFO  o.a.c.c.C.[Tomcat].[localhost].[/] - Initializing Spring DispatcherServlet 'dispatcherServlet'
2026-03-06 16:01:57 [http-nio-8081-exec-1] INFO  o.s.web.servlet.DispatcherServlet - Initializing Servlet 'dispatcherServlet'
2026-03-06 16:01:57 [http-nio-8081-exec-1] INFO  o.s.web.servlet.DispatcherServlet - Completed initialization in 2 ms
Hibernate: 
    select
        u1_0.id,
        u1_0.created_at,
        u1_0.email,
        u1_0.full_name,
        u1_0.password_hash,
        u1_0.status,
        u1_0.updated_at 
    from
        users u1_0 
    where
        u1_0.email=?
Hibernate: 
    select
        u1_0.id,
        u1_0.created_at,
        u1_0.email,
        u1_0.full_name,
        u1_0.password_hash,
        u1_0.status,
        u1_0.updated_at 
    from
        users u1_0 
    where
        u1_0.email=?
Hibernate: 
    select
        ou1_0.id,
        ou1_0.created_at,
        ou1_0.organization_id,
        ou1_0.role_id,
        ou1_0.user_id 
    from
        organization_users ou1_0 
    where
        ou1_0.user_id=?
Hibernate: 
    select
        ou1_0.id,
        ou1_0.created_at,
        ou1_0.organization_id,
        ou1_0.role_id,
        ou1_0.user_id 
    from
        organization_users ou1_0 
    where
        ou1_0.user_id=?
Hibernate: 
    select
        o1_0.id,
        o1_0.cin_number,
        o1_0.city,
        o1_0.contact_email,
        o1_0.contact_phone,
        o1_0.country,
        o1_0.created_at,
        o1_0.created_by,
        o1_0.gst_number,
        o1_0.industry_type,
        o1_0.name,
        o1_0.net_zero_target_year,
        o1_0.pan_number,
        o1_0.postal_code,
        o1_0.registered_address,
        o1_0.reporting_standard,
        o1_0.state,
        o1_0.updated_at 
    from
        organizations o1_0 
    where
        o1_0.id=?
Hibernate: 
    select
        o1_0.id,
        o1_0.cin_number,
        o1_0.city,
        o1_0.contact_email,
        o1_0.contact_phone,
        o1_0.country,
        o1_0.created_at,
        o1_0.created_by,
        o1_0.gst_number,
        o1_0.industry_type,
        o1_0.name,
        o1_0.net_zero_target_year,
        o1_0.pan_number,
        o1_0.postal_code,
        o1_0.registered_address,
        o1_0.reporting_standard,
        o1_0.state,
        o1_0.updated_at 
    from
        organizations o1_0 
    where
        o1_0.id=?
Hibernate: 
    select
        ry1_0.id,
        ry1_0.created_at,
        ry1_0.end_date,
        ry1_0.is_locked,
        ry1_0.organization_id,
        ry1_0.start_date,
        ry1_0.year_label 
    from
        reporting_years ry1_0 
    left join
        organizations o1_0 
            on o1_0.id=ry1_0.organization_id 
    where
        o1_0.id=? 
    order by
        ry1_0.start_date desc 
    fetch
        first ? rows only
Hibernate: 
    select
        ry1_0.id,
        ry1_0.created_at,
        ry1_0.end_date,
        ry1_0.is_locked,
        ry1_0.organization_id,
        ry1_0.start_date,
        ry1_0.year_label 
    from
        reporting_years ry1_0 
    left join
        organizations o1_0 
            on o1_0.id=ry1_0.organization_id 
    where
        o1_0.id=? 
    order by
        ry1_0.start_date desc 
    fetch
        first ? rows only
Hibernate: 
    select
        coalesce(sum(s1_0.calculated_emission), 0) 
    from
        scope1 s1_0 
    join
        facilities f1_0 
            on f1_0.id=s1_0.facility_id 
    where
        f1_0.organization_id=? 
        and s1_0.reporting_year_id=? 
        and s1_0.status in (?, ?)
Hibernate: 
    select
        coalesce(sum(s1_0.calculated_emission), 0) 
    from
        scope1 s1_0 
    join
        facilities f1_0 
            on f1_0.id=s1_0.facility_id 
    where
        f1_0.organization_id=? 
        and s1_0.reporting_year_id=? 
        and s1_0.status in (?, ?)
Hibernate: 
    select
        coalesce(sum(s1_0.calculated_emission), 0) 
    from
        scope2 s1_0 
    join
        facilities f1_0 
            on f1_0.id=s1_0.facility_id 
    where
        f1_0.organization_id=? 
        and s1_0.reporting_year_id=? 
        and s1_0.status in (?, ?)
Hibernate: 
    select
        coalesce(sum(s1_0.calculated_emission), 0) 
    from
        scope2 s1_0 
    join
        facilities f1_0 
            on f1_0.id=s1_0.facility_id 
    where
        f1_0.organization_id=? 
        and s1_0.reporting_year_id=? 
        and s1_0.status in (?, ?)
Hibernate: 
    select
        coalesce(sum(sa1_0.calculated_emission), 0) 
    from
        scope3_activities sa1_0 
    join
        facilities f1_0 
            on f1_0.id=sa1_0.facility_id 
    where
        f1_0.organization_id=? 
        and sa1_0.reporting_year_id=? 
        and sa1_0.status in (?, ?)
Hibernate: 
    select
        coalesce(sum(sa1_0.calculated_emission), 0) 
    from
        scope3_activities sa1_0 
    join
        facilities f1_0 
            on f1_0.id=sa1_0.facility_id 
    where
        f1_0.organization_id=? 
        and sa1_0.reporting_year_id=? 
        and sa1_0.status in (?, ?)
Hibernate: 
    select
        coalesce(sum(pd1_0.total_production), 0) 
    from
        production_data pd1_0 
    join
        facilities f1_0 
            on f1_0.id=pd1_0.facility_id 
    where
        f1_0.organization_id=? 
        and pd1_0.reporting_year_id=? 
        and pd1_0.status in (?, ?)
Hibernate: 
    select
        coalesce(sum(pd1_0.total_production), 0) 
    from
        production_data pd1_0 
    join
        facilities f1_0 
            on f1_0.id=pd1_0.facility_id 
    where
        f1_0.organization_id=? 
        and pd1_0.reporting_year_id=? 
        and pd1_0.status in (?, ?)
Hibernate: 
    select
        s1_0.facility_id,
        f1_0.name,
        coalesce(sum(s1_0.calculated_emission), 0) 
    from
        scope1 s1_0 
    join
        facilities f1_0 
            on f1_0.id=s1_0.facility_id 
    where
        f1_0.organization_id=? 
        and s1_0.reporting_year_id=? 
        and s1_0.status in (?, ?) 
    group by
        s1_0.facility_id,
        f1_0.name
Hibernate: 
    select
        s1_0.facility_id,
        f1_0.name,
        coalesce(sum(s1_0.calculated_emission), 0) 
    from
        scope1 s1_0 
    join
        facilities f1_0 
            on f1_0.id=s1_0.facility_id 
    where
        f1_0.organization_id=? 
        and s1_0.reporting_year_id=? 
        and s1_0.status in (?, ?) 
    group by
        s1_0.facility_id,
        f1_0.name
Hibernate: 
    select
        s1_0.facility_id,
        f1_0.name,
        coalesce(sum(s1_0.calculated_emission), 0) 
    from
        scope2 s1_0 
    join
        facilities f1_0 
            on f1_0.id=s1_0.facility_id 
    where
        f1_0.organization_id=? 
        and s1_0.reporting_year_id=? 
        and s1_0.status in (?, ?) 
    group by
        s1_0.facility_id,
        f1_0.name
Hibernate: 
    select
        s1_0.facility_id,
        f1_0.name,
        coalesce(sum(s1_0.calculated_emission), 0) 
    from
        scope2 s1_0 
    join
        facilities f1_0 
            on f1_0.id=s1_0.facility_id 
    where
        f1_0.organization_id=? 
        and s1_0.reporting_year_id=? 
        and s1_0.status in (?, ?) 
    group by
        s1_0.facility_id,
        f1_0.name
Hibernate: 
    select
        sa1_0.facility_id,
        f1_0.name,
        coalesce(sum(sa1_0.calculated_emission), 0) 
    from
        scope3_activities sa1_0 
    join
        facilities f1_0 
            on f1_0.id=sa1_0.facility_id 
    where
        f1_0.organization_id=? 
        and sa1_0.reporting_year_id=? 
        and sa1_0.status in (?, ?) 
    group by
        sa1_0.facility_id,
        f1_0.name
Hibernate: 
    select
        sa1_0.facility_id,
        f1_0.name,
        coalesce(sum(sa1_0.calculated_emission), 0) 
    from
        scope3_activities sa1_0 
    join
        facilities f1_0 
            on f1_0.id=sa1_0.facility_id 
    where
        f1_0.organization_id=? 
        and sa1_0.reporting_year_id=? 
        and sa1_0.status in (?, ?) 
    group by
        sa1_0.facility_id,
        f1_0.name
Hibernate: 
    select
        f1_0.id,
        f1_0.city,
        f1_0.country,
        f1_0.created_at,
        f1_0.name,
        f1_0.organization_id,
        f1_0.product_type,
        f1_0.production_capacity,
        f1_0.state,
        f1_0.status,
        f1_0.updated_at 
    from
        facilities f1_0 
    left join
        organizations o1_0 
            on o1_0.id=f1_0.organization_id 
    where
        o1_0.id=?
Hibernate: 
    select
        f1_0.id,
        f1_0.city,
        f1_0.country,
        f1_0.created_at,
        f1_0.name,
        f1_0.organization_id,
        f1_0.product_type,
        f1_0.production_capacity,
        f1_0.state,
        f1_0.status,
        f1_0.updated_at 
    from
        facilities f1_0 
    left join
        organizations o1_0 
            on o1_0.id=f1_0.organization_id 
    where
        o1_0.id=?
Hibernate: 
    select
        des1_0.id,
        des1_0.created_at,
        des1_0.facility_id,
        des1_0.organization_id,
        des1_0.rejection_reason,
        des1_0.reporting_year_id,
        des1_0.scope_type,
        des1_0.status,
        des1_0.submitted_at,
        des1_0.submitted_by,
        des1_0.total_emission,
        des1_0.updated_at,
        des1_0.verified_at,
        des1_0.verified_by 
    from
        data_entry_submissions des1_0 
    left join
        organizations o1_0 
            on o1_0.id=des1_0.organization_id 
    left join
        reporting_years ry1_0 
            on ry1_0.id=des1_0.reporting_year_id 
    where
        o1_0.id=? 
        and ry1_0.id=?
Hibernate: 
    select
        des1_0.id,
        des1_0.created_at,
        des1_0.facility_id,
        des1_0.organization_id,
        des1_0.rejection_reason,
        des1_0.reporting_year_id,
        des1_0.scope_type,
        des1_0.status,
        des1_0.submitted_at,
        des1_0.submitted_by,
        des1_0.total_emission,
        des1_0.updated_at,
        des1_0.verified_at,
        des1_0.verified_by 
    from
        data_entry_submissions des1_0 
    left join
        organizations o1_0 
            on o1_0.id=des1_0.organization_id 
    left join
        reporting_years ry1_0 
            on ry1_0.id=des1_0.reporting_year_id 
    where
        o1_0.id=? 
        and ry1_0.id=?
Hibernate: 
    select
        fum1_0.id,
        fum1_0.created_at,
        fum1_0.facility_id,
        fum1_0.user_id,
        u1_0.id,
        u1_0.created_at,
        u1_0.email,
        u1_0.full_name,
        u1_0.password_hash,
        u1_0.status,
        u1_0.updated_at 
    from
        facility_user_mapping fum1_0 
    join
        users u1_0 
            on u1_0.id=fum1_0.user_id 
    where
        fum1_0.facility_id in (?)
Hibernate: 
    select
        fum1_0.id,
        fum1_0.created_at,
        fum1_0.facility_id,
        fum1_0.user_id,
        u1_0.id,
        u1_0.created_at,
        u1_0.email,
        u1_0.full_name,
        u1_0.password_hash,
        u1_0.status,
        u1_0.updated_at 
    from
        facility_user_mapping fum1_0 
    join
        users u1_0 
            on u1_0.id=fum1_0.user_id 
    where
        fum1_0.facility_id in (?)
Hibernate: 
    select
        ry1_0.id,
        ry1_0.created_at,
        ry1_0.end_date,
        ry1_0.is_locked,
        ry1_0.organization_id,
        ry1_0.start_date,
        ry1_0.year_label 
    from
        reporting_years ry1_0 
    left join
        organizations o1_0 
            on o1_0.id=ry1_0.organization_id 
    where
        o1_0.id=?
Hibernate: 
    select
        ry1_0.id,
        ry1_0.created_at,
        ry1_0.end_date,
        ry1_0.is_locked,
        ry1_0.organization_id,
        ry1_0.start_date,
        ry1_0.year_label 
    from
        reporting_years ry1_0 
    left join
        organizations o1_0 
            on o1_0.id=ry1_0.organization_id 
    where
        o1_0.id=?
Hibernate: 
    select
        coalesce(sum(s1_0.calculated_emission), 0) 
    from
        scope1 s1_0 
    join
        facilities f1_0 
            on f1_0.id=s1_0.facility_id 
    where
        f1_0.organization_id=? 
        and s1_0.reporting_year_id=? 
        and s1_0.status in (?, ?)
Hibernate: 
    select
        coalesce(sum(s1_0.calculated_emission), 0) 
    from
        scope1 s1_0 
    join
        facilities f1_0 
            on f1_0.id=s1_0.facility_id 
    where
        f1_0.organization_id=? 
        and s1_0.reporting_year_id=? 
        and s1_0.status in (?, ?)
Hibernate: 
    select
        coalesce(sum(s1_0.calculated_emission), 0) 
    from
        scope2 s1_0 
    join
        facilities f1_0 
            on f1_0.id=s1_0.facility_id 
    where
        f1_0.organization_id=? 
        and s1_0.reporting_year_id=? 
        and s1_0.status in (?, ?)
Hibernate: 
    select
        coalesce(sum(s1_0.calculated_emission), 0) 
    from
        scope2 s1_0 
    join
        facilities f1_0 
            on f1_0.id=s1_0.facility_id 
    where
        f1_0.organization_id=? 
        and s1_0.reporting_year_id=? 
        and s1_0.status in (?, ?)
Hibernate: 
    select
        coalesce(sum(sa1_0.calculated_emission), 0) 
    from
        scope3_activities sa1_0 
    join
        facilities f1_0 
            on f1_0.id=sa1_0.facility_id 
    where
        f1_0.organization_id=? 
        and sa1_0.reporting_year_id=? 
        and sa1_0.status in (?, ?)
Hibernate: 
    select
        coalesce(sum(sa1_0.calculated_emission), 0) 
    from
        scope3_activities sa1_0 
    join
        facilities f1_0 
            on f1_0.id=sa1_0.facility_id 
    where
        f1_0.organization_id=? 
        and sa1_0.reporting_year_id=? 
        and sa1_0.status in (?, ?)
Hibernate: 
    select
        coalesce(sum(s1_0.calculated_emission), 0) 
    from
        scope1 s1_0 
    join
        facilities f1_0 
            on f1_0.id=s1_0.facility_id 
    where
        f1_0.organization_id=? 
        and s1_0.reporting_year_id=? 
        and s1_0.status in (?, ?)
Hibernate: 
    select
        coalesce(sum(s1_0.calculated_emission), 0) 
    from
        scope1 s1_0 
    join
        facilities f1_0 
            on f1_0.id=s1_0.facility_id 
    where
        f1_0.organization_id=? 
        and s1_0.reporting_year_id=? 
        and s1_0.status in (?, ?)
Hibernate: 
    select
        coalesce(sum(s1_0.calculated_emission), 0) 
    from
        scope2 s1_0 
    join
        facilities f1_0 
            on f1_0.id=s1_0.facility_id 
    where
        f1_0.organization_id=? 
        and s1_0.reporting_year_id=? 
        and s1_0.status in (?, ?)
Hibernate: 
    select
        coalesce(sum(s1_0.calculated_emission), 0) 
    from
        scope2 s1_0 
    join
        facilities f1_0 
            on f1_0.id=s1_0.facility_id 
    where
        f1_0.organization_id=? 
        and s1_0.reporting_year_id=? 
        and s1_0.status in (?, ?)
Hibernate: 
    select
        coalesce(sum(sa1_0.calculated_emission), 0) 
    from
        scope3_activities sa1_0 
    join
        facilities f1_0 
            on f1_0.id=sa1_0.facility_id 
    where
        f1_0.organization_id=? 
        and sa1_0.reporting_year_id=? 
        and sa1_0.status in (?, ?)
Hibernate: 
    select
        coalesce(sum(sa1_0.calculated_emission), 0) 
    from
        scope3_activities sa1_0 
    join
        facilities f1_0 
            on f1_0.id=sa1_0.facility_id 
    where
        f1_0.organization_id=? 
        and sa1_0.reporting_year_id=? 
        and sa1_0.status in (?, ?)
Hibernate: 
    select
        coalesce(sum(s1_0.calculated_emission), 0) 
    from
        scope1 s1_0 
    join
        facilities f1_0 
            on f1_0.id=s1_0.facility_id 
    where
        f1_0.organization_id=? 
        and s1_0.reporting_year_id=? 
        and s1_0.status in (?, ?)
Hibernate: 
    select
        coalesce(sum(s1_0.calculated_emission), 0) 
    from
        scope1 s1_0 
    join
        facilities f1_0 
            on f1_0.id=s1_0.facility_id 
    where
        f1_0.organization_id=? 
        and s1_0.reporting_year_id=? 
        and s1_0.status in (?, ?)
Hibernate: 
    select
        coalesce(sum(s1_0.calculated_emission), 0) 
    from
        scope2 s1_0 
    join
        facilities f1_0 
            on f1_0.id=s1_0.facility_id 
    where
        f1_0.organization_id=? 
        and s1_0.reporting_year_id=? 
        and s1_0.status in (?, ?)
Hibernate: 
    select
        coalesce(sum(s1_0.calculated_emission), 0) 
    from
        scope2 s1_0 
    join
        facilities f1_0 
            on f1_0.id=s1_0.facility_id 
    where
        f1_0.organization_id=? 
        and s1_0.reporting_year_id=? 
        and s1_0.status in (?, ?)
Hibernate: 
    select
        coalesce(sum(sa1_0.calculated_emission), 0) 
    from
        scope3_activities sa1_0 
    join
        facilities f1_0 
            on f1_0.id=sa1_0.facility_id 
    where
        f1_0.organization_id=? 
        and sa1_0.reporting_year_id=? 
        and sa1_0.status in (?, ?)
Hibernate: 
    select
        coalesce(sum(sa1_0.calculated_emission), 0) 
    from
        scope3_activities sa1_0 
    join
        facilities f1_0 
            on f1_0.id=sa1_0.facility_id 
    where
        f1_0.organization_id=? 
        and sa1_0.reporting_year_id=? 
        and sa1_0.status in (?, ?)
Hibernate: 
    select
        count(s1_0.id) 
    from
        scope1 s1_0 
    left join
        facilities f1_0 
            on f1_0.id=s1_0.facility_id 
    left join
        organizations o1_0 
            on o1_0.id=f1_0.organization_id 
    left join
        reporting_years ry1_0 
            on ry1_0.id=s1_0.reporting_year_id 
    where
        o1_0.id=? 
        and ry1_0.id=?
Hibernate: 
    select
        count(s1_0.id) 
    from
        scope1 s1_0 
    left join
        facilities f1_0 
            on f1_0.id=s1_0.facility_id 
    left join
        organizations o1_0 
            on o1_0.id=f1_0.organization_id 
    left join
        reporting_years ry1_0 
            on ry1_0.id=s1_0.reporting_year_id 
    where
        o1_0.id=? 
        and ry1_0.id=?
Hibernate: 
    select
        count(s1_0.id) 
    from
        scope2 s1_0 
    left join
        facilities f1_0 
            on f1_0.id=s1_0.facility_id 
    left join
        organizations o1_0 
            on o1_0.id=f1_0.organization_id 
    left join
        reporting_years ry1_0 
            on ry1_0.id=s1_0.reporting_year_id 
    where
        o1_0.id=? 
        and ry1_0.id=?
Hibernate: 
    select
        count(s1_0.id) 
    from
        scope2 s1_0 
    left join
        facilities f1_0 
            on f1_0.id=s1_0.facility_id 
    left join
        organizations o1_0 
            on o1_0.id=f1_0.organization_id 
    left join
        reporting_years ry1_0 
            on ry1_0.id=s1_0.reporting_year_id 
    where
        o1_0.id=? 
        and ry1_0.id=?
Hibernate: 
    select
        count(sa1_0.id) 
    from
        scope3_activities sa1_0 
    left join
        facilities f1_0 
            on f1_0.id=sa1_0.facility_id 
    left join
        organizations o1_0 
            on o1_0.id=f1_0.organization_id 
    left join
        reporting_years ry1_0 
            on ry1_0.id=sa1_0.reporting_year_id 
    where
        o1_0.id=? 
        and ry1_0.id=?
Hibernate: 
    select
        count(sa1_0.id) 
    from
        scope3_activities sa1_0 
    left join
        facilities f1_0 
            on f1_0.id=sa1_0.facility_id 
    left join
        organizations o1_0 
            on o1_0.id=f1_0.organization_id 
    left join
        reporting_years ry1_0 
            on ry1_0.id=sa1_0.reporting_year_id 
    where
        o1_0.id=? 
        and ry1_0.id=?
Hibernate: 
    select
        count(s1_0.id) 
    from
        scope1 s1_0 
    left join
        facilities f1_0 
            on f1_0.id=s1_0.facility_id 
    left join
        organizations o1_0 
            on o1_0.id=f1_0.organization_id 
    left join
        reporting_years ry1_0 
            on ry1_0.id=s1_0.reporting_year_id 
    where
        o1_0.id=? 
        and ry1_0.id=? 
        and s1_0.status=?
Hibernate: 
    select
        count(s1_0.id) 
    from
        scope1 s1_0 
    left join
        facilities f1_0 
            on f1_0.id=s1_0.facility_id 
    left join
        organizations o1_0 
            on o1_0.id=f1_0.organization_id 
    left join
        reporting_years ry1_0 
            on ry1_0.id=s1_0.reporting_year_id 
    where
        o1_0.id=? 
        and ry1_0.id=? 
        and s1_0.status=?
Hibernate: 
    select
        count(s1_0.id) 
    from
        scope2 s1_0 
    left join
        facilities f1_0 
            on f1_0.id=s1_0.facility_id 
    left join
        organizations o1_0 
            on o1_0.id=f1_0.organization_id 
    left join
        reporting_years ry1_0 
            on ry1_0.id=s1_0.reporting_year_id 
    where
        o1_0.id=? 
        and ry1_0.id=? 
        and s1_0.status=?
Hibernate: 
    select
        count(s1_0.id) 
    from
        scope2 s1_0 
    left join
        facilities f1_0 
            on f1_0.id=s1_0.facility_id 
    left join
        organizations o1_0 
            on o1_0.id=f1_0.organization_id 
    left join
        reporting_years ry1_0 
            on ry1_0.id=s1_0.reporting_year_id 
    where
        o1_0.id=? 
        and ry1_0.id=? 
        and s1_0.status=?
Hibernate: 
    select
        count(sa1_0.id) 
    from
        scope3_activities sa1_0 
    left join
        facilities f1_0 
            on f1_0.id=sa1_0.facility_id 
    left join
        organizations o1_0 
            on o1_0.id=f1_0.organization_id 
    left join
        reporting_years ry1_0 
            on ry1_0.id=sa1_0.reporting_year_id 
    where
        o1_0.id=? 
        and ry1_0.id=? 
        and sa1_0.status=?
Hibernate: 
    select
        count(sa1_0.id) 
    from
        scope3_activities sa1_0 
    left join
        facilities f1_0 
            on f1_0.id=sa1_0.facility_id 
    left join
        organizations o1_0 
            on o1_0.id=f1_0.organization_id 
    left join
        reporting_years ry1_0 
            on ry1_0.id=sa1_0.reporting_year_id 
    where
        o1_0.id=? 
        and ry1_0.id=? 
        and sa1_0.status=?
Hibernate: 
    select
        count(s1_0.id) 
    from
        scope1 s1_0 
    left join
        facilities f1_0 
            on f1_0.id=s1_0.facility_id 
    left join
        organizations o1_0 
            on o1_0.id=f1_0.organization_id 
    left join
        reporting_years ry1_0 
            on ry1_0.id=s1_0.reporting_year_id 
    where
        o1_0.id=? 
        and ry1_0.id=? 
        and s1_0.emission_factor is not null 
        and s1_0.calculated_emission is not null
Hibernate: 
    select
        count(s1_0.id) 
    from
        scope1 s1_0 
    left join
        facilities f1_0 
            on f1_0.id=s1_0.facility_id 
    left join
        organizations o1_0 
            on o1_0.id=f1_0.organization_id 
    left join
        reporting_years ry1_0 
            on ry1_0.id=s1_0.reporting_year_id 
    where
        o1_0.id=? 
        and ry1_0.id=? 
        and s1_0.emission_factor is not null 
        and s1_0.calculated_emission is not null
Hibernate: 
    select
        count(s1_0.id) 
    from
        scope2 s1_0 
    left join
        facilities f1_0 
            on f1_0.id=s1_0.facility_id 
    left join
        organizations o1_0 
            on o1_0.id=f1_0.organization_id 
    left join
        reporting_years ry1_0 
            on ry1_0.id=s1_0.reporting_year_id 
    where
        o1_0.id=? 
        and ry1_0.id=? 
        and s1_0.emission_factor is not null 
        and s1_0.calculated_emission is not null
Hibernate: 
    select
        count(s1_0.id) 
    from
        scope2 s1_0 
    left join
        facilities f1_0 
            on f1_0.id=s1_0.facility_id 
    left join
        organizations o1_0 
            on o1_0.id=f1_0.organization_id 
    left join
        reporting_years ry1_0 
            on ry1_0.id=s1_0.reporting_year_id 
    where
        o1_0.id=? 
        and ry1_0.id=? 
        and s1_0.emission_factor is not null 
        and s1_0.calculated_emission is not null
Hibernate: 
    select
        count(sa1_0.id) 
    from
        scope3_activities sa1_0 
    left join
        facilities f1_0 
            on f1_0.id=sa1_0.facility_id 
    left join
        organizations o1_0 
            on o1_0.id=f1_0.organization_id 
    left join
        reporting_years ry1_0 
            on ry1_0.id=sa1_0.reporting_year_id 
    where
        o1_0.id=? 
        and ry1_0.id=? 
        and sa1_0.emission_factor is not null 
        and sa1_0.calculated_emission is not null
Hibernate: 
    select
        count(sa1_0.id) 
    from
        scope3_activities sa1_0 
    left join
        facilities f1_0 
            on f1_0.id=sa1_0.facility_id 
    left join
        organizations o1_0 
            on o1_0.id=f1_0.organization_id 
    left join
        reporting_years ry1_0 
            on ry1_0.id=sa1_0.reporting_year_id 
    where
        o1_0.id=? 
        and ry1_0.id=? 
        and sa1_0.emission_factor is not null 
        and sa1_0.calculated_emission is not null
Hibernate: 
    select
        u1_0.id,
        u1_0.created_at,
        u1_0.email,
        u1_0.full_name,
        u1_0.password_hash,
        u1_0.status,
        u1_0.updated_at 
    from
        users u1_0 
    where
        u1_0.email=?
Hibernate: 
    select
        u1_0.id,
        u1_0.created_at,
        u1_0.email,
        u1_0.full_name,
        u1_0.password_hash,
        u1_0.status,
        u1_0.updated_at 
    from
        users u1_0 
    where
        u1_0.email=?
Hibernate: 
    select
        u1_0.id,
        u1_0.created_at,
        u1_0.email,
        u1_0.full_name,
        u1_0.password_hash,
        u1_0.status,
        u1_0.updated_at 
    from
        users u1_0 
    where
        u1_0.email=?
Hibernate: 
    select
        u1_0.id,
        u1_0.created_at,
        u1_0.email,
        u1_0.full_name,
        u1_0.password_hash,
        u1_0.status,
        u1_0.updated_at 
    from
        users u1_0 
    where
        u1_0.email=?
Hibernate: 
    select
        ou1_0.id,
        ou1_0.created_at,
        ou1_0.organization_id,
        ou1_0.role_id,
        ou1_0.user_id 
    from
        organization_users ou1_0 
    where
        ou1_0.user_id=?
Hibernate: 
    select
        ou1_0.id,
        ou1_0.created_at,
        ou1_0.organization_id,
        ou1_0.role_id,
        ou1_0.user_id 
    from
        organization_users ou1_0 
    where
        ou1_0.user_id=?
Hibernate: 
    select
        ou1_0.id,
        ou1_0.created_at,
        ou1_0.organization_id,
        ou1_0.role_id,
        ou1_0.user_id 
    from
        organization_users ou1_0 
    where
        ou1_0.user_id=?
Hibernate: 
    select
        ou1_0.id,
        ou1_0.created_at,
        ou1_0.organization_id,
        ou1_0.role_id,
        ou1_0.user_id 
    from
        organization_users ou1_0 
    where
        ou1_0.user_id=?
Hibernate: 
    select
        u1_0.id,
        u1_0.created_at,
        u1_0.email,
        u1_0.full_name,
        u1_0.password_hash,
        u1_0.status,
        u1_0.updated_at 
    from
        users u1_0 
    where
        u1_0.id=?
Hibernate: 
    select
        u1_0.id,
        u1_0.created_at,
        u1_0.email,
        u1_0.full_name,
        u1_0.password_hash,
        u1_0.status,
        u1_0.updated_at 
    from
        users u1_0 
    where
        u1_0.id=?
Hibernate: 
    select
        u1_0.id,
        u1_0.created_at,
        u1_0.email,
        u1_0.full_name,
        u1_0.password_hash,
        u1_0.status,
        u1_0.updated_at 
    from
        users u1_0 
    where
        u1_0.id=?
Hibernate: 
    select
        u1_0.id,
        u1_0.created_at,
        u1_0.email,
        u1_0.full_name,
        u1_0.password_hash,
        u1_0.status,
        u1_0.updated_at 
    from
        users u1_0 
    where
        u1_0.id=?
Hibernate: 
    select
        ou1_0.id,
        ou1_0.created_at,
        ou1_0.organization_id,
        ou1_0.role_id,
        ou1_0.user_id 
    from
        organization_users ou1_0 
    where
        ou1_0.user_id=?
Hibernate: 
    select
        ou1_0.id,
        ou1_0.created_at,
        ou1_0.organization_id,
        ou1_0.role_id,
        ou1_0.user_id 
    from
        organization_users ou1_0 
    where
        ou1_0.user_id=?
Hibernate: 
    select
        ou1_0.id,
        ou1_0.created_at,
        ou1_0.organization_id,
        ou1_0.role_id,
        ou1_0.user_id 
    from
        organization_users ou1_0 
    where
        ou1_0.user_id=?
Hibernate: 
    select
        ou1_0.id,
        ou1_0.created_at,
        ou1_0.organization_id,
        ou1_0.role_id,
        ou1_0.user_id 
    from
        organization_users ou1_0 
    where
        ou1_0.user_id=?
Hibernate: 
    select
        f1_0.id,
        f1_0.city,
        f1_0.country,
        f1_0.created_at,
        f1_0.name,
        f1_0.organization_id,
        f1_0.product_type,
        f1_0.production_capacity,
        f1_0.state,
        f1_0.status,
        f1_0.updated_at 
    from
        facilities f1_0 
    left join
        organizations o1_0 
            on o1_0.id=f1_0.organization_id 
    where
        o1_0.id=?
Hibernate: 
    select
        ou1_0.id,
        ou1_0.created_at,
        ou1_0.organization_id,
        ou1_0.role_id,
        ou1_0.user_id 
    from
        organization_users ou1_0 
    left join
        organizations o1_0 
            on o1_0.id=ou1_0.organization_id 
    where
        o1_0.id=?
Hibernate: 
    select
        ou1_0.id,
        ou1_0.created_at,
        ou1_0.organization_id,
        ou1_0.role_id,
        ou1_0.user_id 
    from
        organization_users ou1_0 
    left join
        organizations o1_0 
            on o1_0.id=ou1_0.organization_id 
    where
        o1_0.id=?
Hibernate: 
    select
        f1_0.id,
        f1_0.city,
        f1_0.country,
        f1_0.created_at,
        f1_0.name,
        f1_0.organization_id,
        f1_0.product_type,
        f1_0.production_capacity,
        f1_0.state,
        f1_0.status,
        f1_0.updated_at 
    from
        facilities f1_0 
    left join
        organizations o1_0 
            on o1_0.id=f1_0.organization_id 
    where
        o1_0.id=?
Hibernate: 
    select
        fum1_0.id,
        fum1_0.created_at,
        fum1_0.facility_id,
        fum1_0.user_id 
    from
        facility_user_mapping fum1_0 
    left join
        users u1_0 
            on u1_0.id=fum1_0.user_id 
    where
        u1_0.id=?
Hibernate: 
    select
        fum1_0.id,
        fum1_0.created_at,
        fum1_0.facility_id,
        fum1_0.user_id 
    from
        facility_user_mapping fum1_0 
    left join
        users u1_0 
            on u1_0.id=fum1_0.user_id 
    where
        u1_0.id=?
Hibernate: 
    select
        r1_0.id,
        r1_0.name 
    from
        roles r1_0 
    where
        r1_0.id=?
Hibernate: 
    select
        r1_0.id,
        r1_0.name 
    from
        roles r1_0 
    where
        r1_0.id=?
Hibernate: 
    select
        fum1_0.id,
        fum1_0.created_at,
        fum1_0.facility_id,
        fum1_0.user_id 
    from
        facility_user_mapping fum1_0 
    left join
        users u1_0 
            on u1_0.id=fum1_0.user_id 
    where
        u1_0.id=?
Hibernate: 
    select
        fum1_0.id,
        fum1_0.created_at,
        fum1_0.facility_id,
        fum1_0.user_id 
    from
        facility_user_mapping fum1_0 
    left join
        users u1_0 
            on u1_0.id=fum1_0.user_id 
    where
        u1_0.id=?
Hibernate: 
    select
        f1_0.id,
        f1_0.city,
        f1_0.country,
        f1_0.created_at,
        f1_0.name,
        f1_0.organization_id,
        f1_0.product_type,
        f1_0.production_capacity,
        f1_0.state,
        f1_0.status,
        f1_0.updated_at 
    from
        facilities f1_0 
    where
        f1_0.id=?
Hibernate: 
    select
        f1_0.id,
        f1_0.city,
        f1_0.country,
        f1_0.created_at,
        f1_0.name,
        f1_0.organization_id,
        f1_0.product_type,
        f1_0.production_capacity,
        f1_0.state,
        f1_0.status,
        f1_0.updated_at 
    from
        facilities f1_0 
    where
        f1_0.id=?
Hibernate: 
    select
        u1_0.id,
        u1_0.created_at,
        u1_0.email,
        u1_0.full_name,
        u1_0.password_hash,
        u1_0.status,
        u1_0.updated_at 
    from
        users u1_0 
    where
        u1_0.id=?
Hibernate: 
    select
        u1_0.id,
        u1_0.created_at,
        u1_0.email,
        u1_0.full_name,
        u1_0.password_hash,
        u1_0.status,
        u1_0.updated_at 
    from
        users u1_0 
    where
        u1_0.id=?
Hibernate: 
    select
        r1_0.id,
        r1_0.name 
    from
        roles r1_0 
    where
        r1_0.id=?
Hibernate: 
    select
        r1_0.id,
        r1_0.name 
    from
        roles r1_0 
    where
        r1_0.id=?
Hibernate: 
    select
        fum1_0.id,
        fum1_0.created_at,
        fum1_0.facility_id,
        fum1_0.user_id 
    from
        facility_user_mapping fum1_0 
    left join
        users u1_0 
            on u1_0.id=fum1_0.user_id 
    where
        u1_0.id=?
Hibernate: 
    select
        fum1_0.id,
        fum1_0.created_at,
        fum1_0.facility_id,
        fum1_0.user_id 
    from
        facility_user_mapping fum1_0 
    left join
        users u1_0 
            on u1_0.id=fum1_0.user_id 
    where
        u1_0.id=?
Hibernate: 
    select
        u1_0.id,
        u1_0.created_at,
        u1_0.email,
        u1_0.full_name,
        u1_0.password_hash,
        u1_0.status,
        u1_0.updated_at 
    from
        users u1_0 
    where
        u1_0.id=?
Hibernate: 
    select
        u1_0.id,
        u1_0.created_at,
        u1_0.email,
        u1_0.full_name,
        u1_0.password_hash,
        u1_0.status,
        u1_0.updated_at 
    from
        users u1_0 
    where
        u1_0.id=?
Fetched 3 users for current organization.
Fetched 3 users for current organization.
Hibernate: 
    select
        u1_0.id,
        u1_0.created_at,
        u1_0.email,
        u1_0.full_name,
        u1_0.password_hash,
        u1_0.status,
        u1_0.updated_at 
    from
        users u1_0 
    where
        u1_0.email=?
Hibernate: 
    select
        u1_0.id,
        u1_0.created_at,
        u1_0.email,
        u1_0.full_name,
        u1_0.password_hash,
        u1_0.status,
        u1_0.updated_at 
    from
        users u1_0 
    where
        u1_0.email=?
Hibernate: 
    select
        u1_0.id,
        u1_0.created_at,
        u1_0.email,
        u1_0.full_name,
        u1_0.password_hash,
        u1_0.status,
        u1_0.updated_at 
    from
        users u1_0 
    where
        u1_0.email=?
Hibernate: 
    select
        u1_0.id,
        u1_0.created_at,
        u1_0.email,
        u1_0.full_name,
        u1_0.password_hash,
        u1_0.status,
        u1_0.updated_at 
    from
        users u1_0 
    where
        u1_0.email=?
Hibernate: 
    select
        ou1_0.id,
        ou1_0.created_at,
        ou1_0.organization_id,
        ou1_0.role_id,
        ou1_0.user_id 
    from
        organization_users ou1_0 
    where
        ou1_0.user_id=?
Hibernate: 
    select
        ou1_0.id,
        ou1_0.created_at,
        ou1_0.organization_id,
        ou1_0.role_id,
        ou1_0.user_id 
    from
        organization_users ou1_0 
    where
        ou1_0.user_id=?
Hibernate: 
    select
        ou1_0.id,
        ou1_0.created_at,
        ou1_0.organization_id,
        ou1_0.role_id,
        ou1_0.user_id 
    from
        organization_users ou1_0 
    where
        ou1_0.user_id=?
Hibernate: 
    select
        ou1_0.id,
        ou1_0.created_at,
        ou1_0.organization_id,
        ou1_0.role_id,
        ou1_0.user_id 
    from
        organization_users ou1_0 
    where
        ou1_0.user_id=?
Hibernate: 
    select
        u1_0.id,
        u1_0.created_at,
        u1_0.email,
        u1_0.full_name,
        u1_0.password_hash,
        u1_0.status,
        u1_0.updated_at 
    from
        users u1_0 
    where
        u1_0.id=?
Hibernate: 
    select
        u1_0.id,
        u1_0.created_at,
        u1_0.email,
        u1_0.full_name,
        u1_0.password_hash,
        u1_0.status,
        u1_0.updated_at 
    from
        users u1_0 
    where
        u1_0.id=?
Hibernate: 
    select
        u1_0.id,
        u1_0.created_at,
        u1_0.email,
        u1_0.full_name,
        u1_0.password_hash,
        u1_0.status,
        u1_0.updated_at 
    from
        users u1_0 
    where
        u1_0.id=?
Hibernate: 
    select
        u1_0.id,
        u1_0.created_at,
        u1_0.email,
        u1_0.full_name,
        u1_0.password_hash,
        u1_0.status,
        u1_0.updated_at 
    from
        users u1_0 
    where
        u1_0.id=?
Hibernate: 
    select
        ou1_0.id,
        ou1_0.created_at,
        ou1_0.organization_id,
        ou1_0.role_id,
        ou1_0.user_id 
    from
        organization_users ou1_0 
    where
        ou1_0.user_id=?
Hibernate: 
    select
        ou1_0.id,
        ou1_0.created_at,
        ou1_0.organization_id,
        ou1_0.role_id,
        ou1_0.user_id 
    from
        organization_users ou1_0 
    where
        ou1_0.user_id=?
Hibernate: 
    select
        ou1_0.id,
        ou1_0.created_at,
        ou1_0.organization_id,
        ou1_0.role_id,
        ou1_0.user_id 
    from
        organization_users ou1_0 
    where
        ou1_0.user_id=?
Hibernate: 
    select
        ou1_0.id,
        ou1_0.created_at,
        ou1_0.organization_id,
        ou1_0.role_id,
        ou1_0.user_id 
    from
        organization_users ou1_0 
    where
        ou1_0.user_id=?
Hibernate: 
    select
        ou1_0.id,
        ou1_0.created_at,
        ou1_0.organization_id,
        ou1_0.role_id,
        ou1_0.user_id 
    from
        organization_users ou1_0 
    left join
        organizations o1_0 
            on o1_0.id=ou1_0.organization_id 
    where
        o1_0.id=?
Hibernate: 
    select
        ou1_0.id,
        ou1_0.created_at,
        ou1_0.organization_id,
        ou1_0.role_id,
        ou1_0.user_id 
    from
        organization_users ou1_0 
    left join
        organizations o1_0 
            on o1_0.id=ou1_0.organization_id 
    where
        o1_0.id=?
Hibernate: 
    select
        f1_0.id,
        f1_0.city,
        f1_0.country,
        f1_0.created_at,
        f1_0.name,
        f1_0.organization_id,
        f1_0.product_type,
        f1_0.production_capacity,
        f1_0.state,
        f1_0.status,
        f1_0.updated_at 
    from
        facilities f1_0 
    left join
        organizations o1_0 
            on o1_0.id=f1_0.organization_id 
    where
        o1_0.id=?
Hibernate: 
    select
        fum1_0.id,
        fum1_0.created_at,
        fum1_0.facility_id,
        fum1_0.user_id 
    from
        facility_user_mapping fum1_0 
    left join
        users u1_0 
            on u1_0.id=fum1_0.user_id 
    where
        u1_0.id=?
Hibernate: 
    select
        fum1_0.id,
        fum1_0.created_at,
        fum1_0.facility_id,
        fum1_0.user_id 
    from
        facility_user_mapping fum1_0 
    left join
        users u1_0 
            on u1_0.id=fum1_0.user_id 
    where
        u1_0.id=?
Hibernate: 
    select
        f1_0.id,
        f1_0.city,
        f1_0.country,
        f1_0.created_at,
        f1_0.name,
        f1_0.organization_id,
        f1_0.product_type,
        f1_0.production_capacity,
        f1_0.state,
        f1_0.status,
        f1_0.updated_at 
    from
        facilities f1_0 
    left join
        organizations o1_0 
            on o1_0.id=f1_0.organization_id 
    where
        o1_0.id=?
Hibernate: 
    select
        r1_0.id,
        r1_0.name 
    from
        roles r1_0 
    where
        r1_0.id=?
Hibernate: 
    select
        r1_0.id,
        r1_0.name 
    from
        roles r1_0 
    where
        r1_0.id=?
Hibernate: 
    select
        fum1_0.id,
        fum1_0.created_at,
        fum1_0.facility_id,
        fum1_0.user_id 
    from
        facility_user_mapping fum1_0 
    left join
        users u1_0 
            on u1_0.id=fum1_0.user_id 
    where
        u1_0.id=?
Hibernate: 
    select
        fum1_0.id,
        fum1_0.created_at,
        fum1_0.facility_id,
        fum1_0.user_id 
    from
        facility_user_mapping fum1_0 
    left join
        users u1_0 
            on u1_0.id=fum1_0.user_id 
    where
        u1_0.id=?
Hibernate: 
    select
        f1_0.id,
        f1_0.city,
        f1_0.country,
        f1_0.created_at,
        f1_0.name,
        f1_0.organization_id,
        f1_0.product_type,
        f1_0.production_capacity,
        f1_0.state,
        f1_0.status,
        f1_0.updated_at 
    from
        facilities f1_0 
    where
        f1_0.id=?
Hibernate: 
    select
        f1_0.id,
        f1_0.city,
        f1_0.country,
        f1_0.created_at,
        f1_0.name,
        f1_0.organization_id,
        f1_0.product_type,
        f1_0.production_capacity,
        f1_0.state,
        f1_0.status,
        f1_0.updated_at 
    from
        facilities f1_0 
    where
        f1_0.id=?
Hibernate: 
    select
        u1_0.id,
        u1_0.created_at,
        u1_0.email,
        u1_0.full_name,
        u1_0.password_hash,
        u1_0.status,
        u1_0.updated_at 
    from
        users u1_0 
    where
        u1_0.id=?
Hibernate: 
    select
        u1_0.id,
        u1_0.created_at,
        u1_0.email,
        u1_0.full_name,
        u1_0.password_hash,
        u1_0.status,
        u1_0.updated_at 
    from
        users u1_0 
    where
        u1_0.id=?
Hibernate: 
    select
        r1_0.id,
        r1_0.name 
    from
        roles r1_0 
    where
        r1_0.id=?
Hibernate: 
    select
        r1_0.id,
        r1_0.name 
    from
        roles r1_0 
    where
        r1_0.id=?
Hibernate: 
    select
        fum1_0.id,
        fum1_0.created_at,
        fum1_0.facility_id,
        fum1_0.user_id 
    from
        facility_user_mapping fum1_0 
    left join
        users u1_0 
            on u1_0.id=fum1_0.user_id 
    where
        u1_0.id=?
Hibernate: 
    select
        fum1_0.id,
        fum1_0.created_at,
        fum1_0.facility_id,
        fum1_0.user_id 
    from
        facility_user_mapping fum1_0 
    left join
        users u1_0 
            on u1_0.id=fum1_0.user_id 
    where
        u1_0.id=?
Hibernate: 
    select
        u1_0.id,
        u1_0.created_at,
        u1_0.email,
        u1_0.full_name,
        u1_0.password_hash,
        u1_0.status,
        u1_0.updated_at 
    from
        users u1_0 
    where
        u1_0.id=?
Hibernate: 
    select
        u1_0.id,
        u1_0.created_at,
        u1_0.email,
        u1_0.full_name,
        u1_0.password_hash,
        u1_0.status,
        u1_0.updated_at 
    from
        users u1_0 
    where
        u1_0.id=?
Fetched 3 users for current organization.
Fetched 3 users for current organization.
2026-03-06 16:11:56 [SpringApplicationShutdownHook] INFO  o.s.o.j.LocalContainerEntityManagerFactoryBean - Closing JPA EntityManagerFactory for persistence unit 'default'
2026-03-06 16:11:56 [SpringApplicationShutdownHook] INFO  com.zaxxer.hikari.HikariDataSource - HikariPool-1 - Shutdown initiated...
2026-03-06 16:11:56 [SpringApplicationShutdownHook] INFO  com.zaxxer.hikari.HikariDataSource - HikariPool-1 - Shutdown completed.
