nohup: ignoring input
[[1;34mINFO[m] Scanning for projects...
[[1;34mINFO[m] 
[[1;34mINFO[m] [1m--------------------< [0;36mcom.carbon:carbon-accounting[0;1m >--------------------[m
[[1;34mINFO[m] [1mBuilding carbon-accounting 0.0.1-SNAPSHOT[m
[[1;34mINFO[m] [1m--------------------------------[ jar ]---------------------------------[m
[[1;34mINFO[m] 
[[1;34mINFO[m] [1m>>> [0;32mspring-boot-maven-plugin:3.2.3:run[m [1m(default-cli)[0;1m > [0;1mtest-compile[m @ [36mcarbon-accounting[0;1m >>>[m
[[1;34mINFO[m] 
[[1;34mINFO[m] [1m--- [0;32mmaven-resources-plugin:3.3.1:resources[m [1m(default-resources)[m @ [36mcarbon-accounting[0;1m ---[m
[[1;34mINFO[m] Copying 3 resources from src/main/resources to target/classes
[[1;34mINFO[m] Copying 17 resources from src/main/resources to target/classes
[[1;34mINFO[m] 
[[1;34mINFO[m] [1m--- [0;32mmaven-compiler-plugin:3.11.0:compile[m [1m(default-compile)[m @ [36mcarbon-accounting[0;1m ---[m
[[1;34mINFO[m] Nothing to compile - all classes are up to date
[[1;34mINFO[m] 
[[1;34mINFO[m] [1m--- [0;32mmaven-resources-plugin:3.3.1:testResources[m [1m(default-testResources)[m @ [36mcarbon-accounting[0;1m ---[m
[[1;34mINFO[m] skip non existing resourceDirectory /home/naman/Desktop/carbacount_gama/carbon-accounting/src/test/resources
[[1;34mINFO[m] 
[[1;34mINFO[m] [1m--- [0;32mmaven-compiler-plugin:3.11.0:testCompile[m [1m(default-testCompile)[m @ [36mcarbon-accounting[0;1m ---[m
[[1;34mINFO[m] Nothing to compile - all classes are up to date
[[1;34mINFO[m] 
[[1;34mINFO[m] [1m<<< [0;32mspring-boot-maven-plugin:3.2.3:run[m [1m(default-cli)[0;1m < [0;1mtest-compile[m @ [36mcarbon-accounting[0;1m <<<[m
[[1;34mINFO[m] 
[[1;34mINFO[m] 
[[1;34mINFO[m] [1m--- [0;32mspring-boot-maven-plugin:3.2.3:run[m [1m(default-cli)[m @ [36mcarbon-accounting[0;1m ---[m
[[1;34mINFO[m] Attaching agents: []
15:32:00,017 |-INFO in ch.qos.logback.classic.LoggerContext[default] - This is logback-classic version 1.4.14
15:32:00,019 |-INFO in ch.qos.logback.classic.util.ContextInitializer@5adb0db3 - Here is a list of configurators discovered as a service, by rank: 
15:32:00,019 |-INFO in ch.qos.logback.classic.util.ContextInitializer@5adb0db3 -   org.springframework.boot.logging.logback.RootLogLevelConfigurator
15:32:00,019 |-INFO in ch.qos.logback.classic.util.ContextInitializer@5adb0db3 - They will be invoked in order until ExecutionStatus.DO_NOT_INVOKE_NEXT_IF_ANY is returned.
15:32:00,019 |-INFO in ch.qos.logback.classic.util.ContextInitializer@5adb0db3 - Constructed configurator of type class org.springframework.boot.logging.logback.RootLogLevelConfigurator
15:32:00,029 |-INFO in ch.qos.logback.classic.util.ContextInitializer@5adb0db3 - org.springframework.boot.logging.logback.RootLogLevelConfigurator.configure() call lasted 1 milliseconds. ExecutionStatus=INVOKE_NEXT_IF_ANY
15:32:00,029 |-INFO in ch.qos.logback.classic.util.ContextInitializer@5adb0db3 - Trying to configure with ch.qos.logback.classic.joran.SerializedModelConfigurator
15:32:00,029 |-INFO in ch.qos.logback.classic.util.ContextInitializer@5adb0db3 - Constructed configurator of type class ch.qos.logback.classic.joran.SerializedModelConfigurator
15:32:00,031 |-INFO in ch.qos.logback.classic.LoggerContext[default] - Could NOT find resource [logback-test.scmo]
15:32:00,031 |-INFO in ch.qos.logback.classic.LoggerContext[default] - Could NOT find resource [logback.scmo]
15:32:00,031 |-INFO in ch.qos.logback.classic.util.ContextInitializer@5adb0db3 - ch.qos.logback.classic.joran.SerializedModelConfigurator.configure() call lasted 2 milliseconds. ExecutionStatus=INVOKE_NEXT_IF_ANY
15:32:00,031 |-INFO in ch.qos.logback.classic.util.ContextInitializer@5adb0db3 - Trying to configure with ch.qos.logback.classic.util.DefaultJoranConfigurator
15:32:00,032 |-INFO in ch.qos.logback.classic.util.ContextInitializer@5adb0db3 - Constructed configurator of type class ch.qos.logback.classic.util.DefaultJoranConfigurator
15:32:00,032 |-INFO in ch.qos.logback.classic.LoggerContext[default] - Could NOT find resource [logback-test.xml]
15:32:00,032 |-INFO in ch.qos.logback.classic.LoggerContext[default] - Could NOT find resource [logback.xml]
15:32:00,032 |-INFO in ch.qos.logback.classic.util.ContextInitializer@5adb0db3 - ch.qos.logback.classic.util.DefaultJoranConfigurator.configure() call lasted 0 milliseconds. ExecutionStatus=INVOKE_NEXT_IF_ANY
15:32:00,032 |-INFO in ch.qos.logback.classic.util.ContextInitializer@5adb0db3 - Trying to configure with ch.qos.logback.classic.BasicConfigurator
15:32:00,033 |-INFO in ch.qos.logback.classic.util.ContextInitializer@5adb0db3 - Constructed configurator of type class ch.qos.logback.classic.BasicConfigurator
15:32:00,033 |-INFO in ch.qos.logback.classic.BasicConfigurator@3f270e0a - Setting up default configuration.
15:32:00,046 |-INFO in ch.qos.logback.classic.util.ContextInitializer@5adb0db3 - ch.qos.logback.classic.BasicConfigurator.configure() call lasted 13 milliseconds. ExecutionStatus=NEUTRAL
15:32:00,358 |-INFO in ch.qos.logback.core.model.processor.AppenderModelHandler - Processing appender named [Console]
15:32:00,358 |-INFO in ch.qos.logback.core.model.processor.AppenderModelHandler - About to instantiate appender of type [ch.qos.logback.core.ConsoleAppender]
15:32:00,369 |-WARN in ch.qos.logback.core.ConsoleAppender[Console] - This appender no longer admits a layout as a sub-component, set an encoder instead.
15:32:00,369 |-WARN in ch.qos.logback.core.ConsoleAppender[Console] - To ensure compatibility, wrapping your layout in LayoutWrappingEncoder.
15:32:00,369 |-WARN in ch.qos.logback.core.ConsoleAppender[Console] - See also http://logback.qos.ch/codes.html#layoutInsteadOfEncoder for details
15:32:00,370 |-INFO in ch.qos.logback.core.model.processor.AppenderModelHandler - Processing appender named [RollingFile]
15:32:00,370 |-INFO in ch.qos.logback.core.model.processor.AppenderModelHandler - About to instantiate appender of type [ch.qos.logback.core.rolling.RollingFileAppender]
15:32:00,376 |-INFO in c.q.l.core.rolling.TimeBasedRollingPolicy@443942537 - No compression will be used
15:32:00,376 |-INFO in c.q.l.core.rolling.TimeBasedRollingPolicy@443942537 - Will use the pattern ./logs/archived/application-%d{yyyy-MM-dd}.%i.log for the active file
15:32:00,387 |-INFO in ch.qos.logback.core.rolling.SizeAndTimeBasedFNATP@7241a47d - The date pattern is 'yyyy-MM-dd' from file name pattern './logs/archived/application-%d{yyyy-MM-dd}.%i.log'.
15:32:00,387 |-INFO in ch.qos.logback.core.rolling.SizeAndTimeBasedFNATP@7241a47d - Roll-over at midnight.
15:32:00,391 |-INFO in ch.qos.logback.core.rolling.SizeAndTimeBasedFNATP@7241a47d - Setting initial period to 2026-03-01T09:38:35.766Z
15:32:00,391 |-WARN in ch.qos.logback.core.rolling.SizeAndTimeBasedFNATP@7241a47d - SizeAndTimeBasedFNATP is deprecated. Use SizeAndTimeBasedRollingPolicy instead
15:32:00,391 |-WARN in ch.qos.logback.core.rolling.SizeAndTimeBasedFNATP@7241a47d - For more information see http://logback.qos.ch/manual/appenders.html#SizeAndTimeBasedRollingPolicy
15:32:00,394 |-INFO in ch.qos.logback.core.rolling.RollingFileAppender[RollingFile] - Active log file name: ./logs/application.log
15:32:00,394 |-INFO in ch.qos.logback.core.rolling.RollingFileAppender[RollingFile] - File property is set to [./logs/application.log]
15:32:00,394 |-INFO in ch.qos.logback.core.model.processor.AppenderModelHandler - Processing appender named [ErrorFile]
15:32:00,394 |-INFO in ch.qos.logback.core.model.processor.AppenderModelHandler - About to instantiate appender of type [ch.qos.logback.core.rolling.RollingFileAppender]
15:32:00,395 |-INFO in c.q.l.core.rolling.TimeBasedRollingPolicy@1895143699 - No compression will be used
15:32:00,395 |-INFO in c.q.l.core.rolling.TimeBasedRollingPolicy@1895143699 - Will use the pattern ./logs/archived/error-%d{yyyy-MM-dd}.%i.log for the active file
15:32:00,396 |-INFO in ch.qos.logback.core.rolling.SizeAndTimeBasedFNATP@77258e59 - The date pattern is 'yyyy-MM-dd' from file name pattern './logs/archived/error-%d{yyyy-MM-dd}.%i.log'.
15:32:00,396 |-INFO in ch.qos.logback.core.rolling.SizeAndTimeBasedFNATP@77258e59 - Roll-over at midnight.
15:32:00,396 |-INFO in ch.qos.logback.core.rolling.SizeAndTimeBasedFNATP@77258e59 - Setting initial period to 2026-03-01T09:13:12.620Z
15:32:00,396 |-WARN in ch.qos.logback.core.rolling.SizeAndTimeBasedFNATP@77258e59 - SizeAndTimeBasedFNATP is deprecated. Use SizeAndTimeBasedRollingPolicy instead
15:32:00,396 |-WARN in ch.qos.logback.core.rolling.SizeAndTimeBasedFNATP@77258e59 - For more information see http://logback.qos.ch/manual/appenders.html#SizeAndTimeBasedRollingPolicy
15:32:00,396 |-INFO in ch.qos.logback.core.rolling.RollingFileAppender[ErrorFile] - Active log file name: ./logs/error.log
15:32:00,396 |-INFO in ch.qos.logback.core.rolling.RollingFileAppender[ErrorFile] - File property is set to [./logs/error.log]
15:32:00,396 |-INFO in ch.qos.logback.classic.model.processor.RootLoggerModelHandler - Setting level of ROOT logger to INFO
15:32:00,397 |-INFO in ch.qos.logback.classic.jul.LevelChangePropagator@5dcd8c7a - Propagating INFO level on Logger[ROOT] onto the JUL framework
15:32:00,397 |-INFO in ch.qos.logback.core.model.processor.AppenderRefModelHandler - Attaching appender named [RollingFile] to Logger[ROOT]
15:32:00,397 |-INFO in ch.qos.logback.core.model.processor.AppenderRefModelHandler - Attaching appender named [Console] to Logger[ROOT]
15:32:00,397 |-INFO in ch.qos.logback.core.model.processor.AppenderRefModelHandler - Attaching appender named [ErrorFile] to Logger[ROOT]
15:32:00,397 |-INFO in ch.qos.logback.classic.model.processor.LoggerModelHandler - Setting level of logger [com.carbon.accounting] to INFO
15:32:00,397 |-INFO in ch.qos.logback.classic.jul.LevelChangePropagator@5dcd8c7a - Propagating INFO level on Logger[com.carbon.accounting] onto the JUL framework
15:32:00,398 |-INFO in ch.qos.logback.classic.model.processor.LoggerModelHandler - Setting additivity of logger [com.carbon.accounting] to false
15:32:00,398 |-INFO in ch.qos.logback.core.model.processor.AppenderRefModelHandler - Attaching appender named [RollingFile] to Logger[com.carbon.accounting]
15:32:00,398 |-INFO in ch.qos.logback.core.model.processor.AppenderRefModelHandler - Attaching appender named [Console] to Logger[com.carbon.accounting]
15:32:00,398 |-INFO in ch.qos.logback.core.model.processor.AppenderRefModelHandler - Attaching appender named [ErrorFile] to Logger[com.carbon.accounting]
15:32:00,399 |-INFO in ch.qos.logback.core.model.processor.DefaultProcessor@2250b9f2 - End of configuration.
15:32:00,399 |-INFO in org.springframework.boot.logging.logback.SpringBootJoranConfigurator@7e3181aa - Registering current configuration as safe fallback point


  .   ____          _            __ _ _
 /\\ / ___'_ __ _ _(_)_ __  __ _ \ \ \ \
( ( )\___ | '_ | '_| | '_ \/ _` | \ \ \ \
 \\/  ___)| |_)| | | | | || (_| |  ) ) ) )
  '  |____| .__|_| |_|_| |_\__, | / / / /
 =========|_|==============|___/=/_/_/_/
 :: Spring Boot ::                (v3.2.3)

2026-03-01 15:32:00 [background-preinit] INFO  o.h.validator.internal.util.Version - HV000001: Hibernate Validator 8.0.1.Final
2026-03-01 15:32:00 [main] INFO  c.c.a.CarbonAccountingApplication - Starting CarbonAccountingApplication using Java 17.0.17 with PID 302577 (/home/naman/Desktop/carbacount_gama/carbon-accounting/target/classes started by naman in /home/naman/Desktop/carbacount_gama/carbon-accounting)
2026-03-01 15:32:00 [main] INFO  c.c.a.CarbonAccountingApplication - No active profile set, falling back to 1 default profile: "default"
2026-03-01 15:32:01 [main] INFO  o.s.d.r.c.RepositoryConfigurationDelegate - Multiple Spring Data modules found, entering strict repository configuration mode
2026-03-01 15:32:01 [main] INFO  o.s.d.r.c.RepositoryConfigurationDelegate - Bootstrapping Spring Data JPA repositories in DEFAULT mode.
2026-03-01 15:32:01 [main] INFO  o.s.d.r.c.RepositoryConfigurationDelegate - Finished Spring Data repository scanning in 91 ms. Found 10 JPA repository interfaces.
2026-03-01 15:32:01 [main] INFO  o.s.d.r.c.RepositoryConfigurationDelegate - Multiple Spring Data modules found, entering strict repository configuration mode
2026-03-01 15:32:01 [main] INFO  o.s.d.r.c.RepositoryConfigurationDelegate - Bootstrapping Spring Data Redis repositories in DEFAULT mode.
2026-03-01 15:32:01 [main] INFO  o.s.d.r.c.RepositoryConfigurationExtensionSupport - Spring Data Redis - Could not safely identify store assignment for repository candidate interface com.carbon.accounting.infrastructure.persistence.repository.SpringDataAuditLogRepository; If you want this repository to be a Redis repository, consider annotating your entities with one of these annotations: org.springframework.data.redis.core.RedisHash (preferred), or consider extending one of the following types with your repository: org.springframework.data.keyvalue.repository.KeyValueRepository
2026-03-01 15:32:01 [main] INFO  o.s.d.r.c.RepositoryConfigurationExtensionSupport - Spring Data Redis - Could not safely identify store assignment for repository candidate interface com.carbon.accounting.infrastructure.persistence.repository.SpringDataEmissionCategoryRepository; If you want this repository to be a Redis repository, consider annotating your entities with one of these annotations: org.springframework.data.redis.core.RedisHash (preferred), or consider extending one of the following types with your repository: org.springframework.data.keyvalue.repository.KeyValueRepository
2026-03-01 15:32:01 [main] INFO  o.s.d.r.c.RepositoryConfigurationExtensionSupport - Spring Data Redis - Could not safely identify store assignment for repository candidate interface com.carbon.accounting.infrastructure.persistence.repository.SpringDataEmissionFactorRepository; If you want this repository to be a Redis repository, consider annotating your entities with one of these annotations: org.springframework.data.redis.core.RedisHash (preferred), or consider extending one of the following types with your repository: org.springframework.data.keyvalue.repository.KeyValueRepository
2026-03-01 15:32:01 [main] INFO  o.s.d.r.c.RepositoryConfigurationExtensionSupport - Spring Data Redis - Could not safely identify store assignment for repository candidate interface com.carbon.accounting.infrastructure.persistence.repository.SpringDataEmissionRepository; If you want this repository to be a Redis repository, consider annotating your entities with one of these annotations: org.springframework.data.redis.core.RedisHash (preferred), or consider extending one of the following types with your repository: org.springframework.data.keyvalue.repository.KeyValueRepository
2026-03-01 15:32:01 [main] INFO  o.s.d.r.c.RepositoryConfigurationExtensionSupport - Spring Data Redis - Could not safely identify store assignment for repository candidate interface com.carbon.accounting.infrastructure.persistence.repository.SpringDataEnergyRepository; If you want this repository to be a Redis repository, consider annotating your entities with one of these annotations: org.springframework.data.redis.core.RedisHash (preferred), or consider extending one of the following types with your repository: org.springframework.data.keyvalue.repository.KeyValueRepository
2026-03-01 15:32:01 [main] INFO  o.s.d.r.c.RepositoryConfigurationExtensionSupport - Spring Data Redis - Could not safely identify store assignment for repository candidate interface com.carbon.accounting.infrastructure.persistence.repository.SpringDataIndustryRepository; If you want this repository to be a Redis repository, consider annotating your entities with one of these annotations: org.springframework.data.redis.core.RedisHash (preferred), or consider extending one of the following types with your repository: org.springframework.data.keyvalue.repository.KeyValueRepository
2026-03-01 15:32:01 [main] INFO  o.s.d.r.c.RepositoryConfigurationExtensionSupport - Spring Data Redis - Could not safely identify store assignment for repository candidate interface com.carbon.accounting.infrastructure.persistence.repository.SpringDataIndustryTypeRepository; If you want this repository to be a Redis repository, consider annotating your entities with one of these annotations: org.springframework.data.redis.core.RedisHash (preferred), or consider extending one of the following types with your repository: org.springframework.data.keyvalue.repository.KeyValueRepository
2026-03-01 15:32:01 [main] INFO  o.s.d.r.c.RepositoryConfigurationExtensionSupport - Spring Data Redis - Could not safely identify store assignment for repository candidate interface com.carbon.accounting.infrastructure.persistence.repository.SpringDataPlantRepository; If you want this repository to be a Redis repository, consider annotating your entities with one of these annotations: org.springframework.data.redis.core.RedisHash (preferred), or consider extending one of the following types with your repository: org.springframework.data.keyvalue.repository.KeyValueRepository
2026-03-01 15:32:01 [main] INFO  o.s.d.r.c.RepositoryConfigurationExtensionSupport - Spring Data Redis - Could not safely identify store assignment for repository candidate interface com.carbon.accounting.infrastructure.persistence.repository.SpringDataTenantRepository; If you want this repository to be a Redis repository, consider annotating your entities with one of these annotations: org.springframework.data.redis.core.RedisHash (preferred), or consider extending one of the following types with your repository: org.springframework.data.keyvalue.repository.KeyValueRepository
2026-03-01 15:32:01 [main] INFO  o.s.d.r.c.RepositoryConfigurationExtensionSupport - Spring Data Redis - Could not safely identify store assignment for repository candidate interface com.carbon.accounting.infrastructure.persistence.repository.SpringDataUserRepository; If you want this repository to be a Redis repository, consider annotating your entities with one of these annotations: org.springframework.data.redis.core.RedisHash (preferred), or consider extending one of the following types with your repository: org.springframework.data.keyvalue.repository.KeyValueRepository
2026-03-01 15:32:01 [main] INFO  o.s.d.r.c.RepositoryConfigurationDelegate - Finished Spring Data repository scanning in 6 ms. Found 0 Redis repository interfaces.
2026-03-01 15:32:01 [main] INFO  o.s.b.w.e.tomcat.TomcatWebServer - Tomcat initialized with port 8081 (http)
2026-03-01 15:32:01 [main] INFO  o.a.coyote.http11.Http11NioProtocol - Initializing ProtocolHandler ["http-nio-8081"]
2026-03-01 15:32:01 [main] INFO  o.a.catalina.core.StandardService - Starting service [Tomcat]
2026-03-01 15:32:01 [main] INFO  o.a.catalina.core.StandardEngine - Starting Servlet engine: [Apache Tomcat/10.1.19]
2026-03-01 15:32:01 [main] INFO  o.a.c.c.C.[Tomcat].[localhost].[/] - Initializing Spring embedded WebApplicationContext
2026-03-01 15:32:01 [main] INFO  o.s.b.w.s.c.ServletWebServerApplicationContext - Root WebApplicationContext: initialization completed in 1327 ms
2026-03-01 15:32:02 [main] INFO  com.zaxxer.hikari.HikariDataSource - HikariPool-1 - Starting...
2026-03-01 15:32:02 [main] INFO  com.zaxxer.hikari.pool.HikariPool - HikariPool-1 - Added connection org.postgresql.jdbc.PgConnection@6ad112de
2026-03-01 15:32:02 [main] INFO  com.zaxxer.hikari.HikariDataSource - HikariPool-1 - Start completed.
2026-03-01 15:32:02 [main] INFO  o.f.c.i.license.VersionPrinter - Flyway Community Edition 9.22.3 by Redgate
2026-03-01 15:32:02 [main] INFO  o.f.c.i.license.VersionPrinter - See release notes here: https://rd.gt/416ObMi
2026-03-01 15:32:02 [main] INFO  o.f.c.i.license.VersionPrinter - 
2026-03-01 15:32:02 [main] INFO  org.flywaydb.core.FlywayExecutor - Database: jdbc:postgresql://localhost:5433/carbon_db (PostgreSQL 18.3)
2026-03-01 15:32:02 [main] WARN  o.f.c.i.database.base.Database - Flyway upgrade recommended: PostgreSQL 18.3 is newer than this version of Flyway and support has not been tested. The latest supported version of PostgreSQL is 15.
2026-03-01 15:32:02 [main] INFO  o.f.core.internal.command.DbValidate - Successfully validated 16 migrations (execution time 00:00.026s)
2026-03-01 15:32:02 [main] INFO  o.f.core.internal.command.DbMigrate - Current version of schema "public": 15
2026-03-01 15:32:02 [main] INFO  o.f.core.internal.command.DbMigrate - Migrating schema "public" to version "16 - add location and activity templates"
2026-03-01 15:32:02 [main] INFO  o.f.core.internal.command.DbMigrate - Successfully applied 1 migration to schema "public", now at version v16 (execution time 00:00.039s)
2026-03-01 15:32:02 [main] INFO  o.h.jpa.internal.util.LogHelper - HHH000204: Processing PersistenceUnitInfo [name: default]
2026-03-01 15:32:02 [main] INFO  org.hibernate.Version - HHH000412: Hibernate ORM core version 6.4.4.Final
2026-03-01 15:32:02 [main] INFO  o.h.c.i.RegionFactoryInitiator - HHH000026: Second-level cache disabled
2026-03-01 15:32:02 [main] INFO  o.s.o.j.p.SpringPersistenceUnitInfo - No LoadTimeWeaver setup: ignoring JPA class transformer
2026-03-01 15:32:02 [main] WARN  org.hibernate.orm.deprecation - HHH90000025: PostgreSQLDialect does not need to be specified explicitly using 'hibernate.dialect' (remove the property setting and it will be selected by default)
2026-03-01 15:32:03 [main] INFO  o.h.e.t.j.p.i.JtaPlatformInitiator - HHH000489: No JTA platform available (set 'hibernate.transaction.jta.platform' to enable JTA platform integration)
2026-03-01 15:32:03 [main] INFO  o.s.o.j.LocalContainerEntityManagerFactoryBean - Initialized JPA EntityManagerFactory for persistence unit 'default'
2026-03-01 15:32:04 [main] WARN  o.s.b.a.o.j.JpaBaseConfiguration$JpaWebConfiguration - spring.jpa.open-in-view is enabled by default. Therefore, database queries may be performed during view rendering. Explicitly configure spring.jpa.open-in-view to disable this warning
2026-03-01 15:32:04 [main] INFO  o.s.b.a.e.web.EndpointLinksResolver - Exposing 1 endpoint(s) beneath base path '/actuator'
2026-03-01 15:32:04 [main] INFO  o.s.s.web.DefaultSecurityFilterChain - Will secure any request with [org.springframework.security.web.session.DisableEncodeUrlFilter@618b147b, org.springframework.security.web.context.request.async.WebAsyncManagerIntegrationFilter@2246bfd1, org.springframework.security.web.context.SecurityContextHolderFilter@75715a14, org.springframework.security.web.header.HeaderWriterFilter@5920c4ed, org.springframework.web.filter.CorsFilter@181b8d0c, org.springframework.security.web.authentication.logout.LogoutFilter@222b4ab1, com.carbon.accounting.interfaces.rest.filter.RateLimitingFilter@7641d70, com.carbon.accounting.infrastructure.security.JwtAuthenticationFilter@2da273b3, com.carbon.accounting.interfaces.rest.filter.TenantFilter@569d7074, org.springframework.security.web.savedrequest.RequestCacheAwareFilter@7739bcca, org.springframework.security.web.servletapi.SecurityContextHolderAwareRequestFilter@37403f66, org.springframework.security.web.authentication.AnonymousAuthenticationFilter@376a34fb, org.springframework.security.web.session.SessionManagementFilter@4dbf902, org.springframework.security.web.access.ExceptionTranslationFilter@629bee3b, org.springframework.security.web.access.intercept.AuthorizationFilter@28322fd3]
2026-03-01 15:32:05 [main] INFO  o.a.coyote.http11.Http11NioProtocol - Starting ProtocolHandler ["http-nio-8081"]
2026-03-01 15:32:05 [main] INFO  o.s.b.w.e.tomcat.TomcatWebServer - Tomcat started on port 8081 (http) with context path ''
2026-03-01 15:32:05 [main] INFO  c.c.a.CarbonAccountingApplication - Started CarbonAccountingApplication in 4.949 seconds (process running for 5.156)
2026-03-01 15:38:34 [http-nio-8081-exec-2] INFO  o.a.c.c.C.[Tomcat].[localhost].[/] - Initializing Spring DispatcherServlet 'dispatcherServlet'
2026-03-01 15:38:34 [http-nio-8081-exec-2] INFO  o.s.web.servlet.DispatcherServlet - Initializing Servlet 'dispatcherServlet'
2026-03-01 15:38:34 [http-nio-8081-exec-2] INFO  o.s.web.servlet.DispatcherServlet - Completed initialization in 1 ms
Hibernate: 
    select
        ite1_0.id,
        ite1_0.created_at,
        ite1_0.name 
    from
        industry_type ite1_0
Hibernate: 
    select
        ite1_0.id,
        ite1_0.created_at,
        ite1_0.name 
    from
        industry_type ite1_0
Hibernate: 
    select
        ite1_0.id,
        ite1_0.created_at,
        ite1_0.name 
    from
        industry_type ite1_0
Hibernate: 
    select
        ite1_0.id,
        ite1_0.created_at,
        ite1_0.name 
    from
        industry_type ite1_0
Hibernate: 
    select
        ite1_0.id,
        ite1_0.created_at,
        ite1_0.name 
    from
        industry_type ite1_0
Hibernate: 
    select
        ite1_0.id,
        ite1_0.created_at,
        ite1_0.name 
    from
        industry_type ite1_0
Hibernate: 
    select
        ite1_0.id,
        ite1_0.created_at,
        ite1_0.name 
    from
        industry_type ite1_0
Hibernate: 
    select
        ite1_0.id,
        ite1_0.created_at,
        ite1_0.name 
    from
        industry_type ite1_0
Hibernate: 
    select
        ite1_0.id,
        ite1_0.created_at,
        ite1_0.name 
    from
        industry_type ite1_0
Hibernate: 
    select
        ite1_0.id,
        ite1_0.created_at,
        ite1_0.name 
    from
        industry_type ite1_0
Hibernate: 
    select
        ite1_0.id,
        ite1_0.created_at,
        ite1_0.name 
    from
        industry_type ite1_0
Hibernate: 
    select
        ite1_0.id,
        ite1_0.created_at,
        ite1_0.name 
    from
        industry_type ite1_0
Hibernate: 
    select
        ite1_0.id,
        ite1_0.created_at,
        ite1_0.name 
    from
        industry_type ite1_0
Hibernate: 
    select
        ite1_0.id,
        ite1_0.created_at,
        ite1_0.name 
    from
        industry_type ite1_0
Hibernate: 
    select
        ite1_0.id,
        ite1_0.created_at,
        ite1_0.name 
    from
        industry_type ite1_0
Hibernate: 
    select
        ite1_0.id,
        ite1_0.created_at,
        ite1_0.name 
    from
        industry_type ite1_0
Hibernate: 
    select
        ite1_0.id,
        ite1_0.created_at,
        ite1_0.name 
    from
        industry_type ite1_0
Hibernate: 
    select
        ite1_0.id,
        ite1_0.created_at,
        ite1_0.name 
    from
        industry_type ite1_0
Hibernate: 
    select
        ite1_0.id,
        ite1_0.created_at,
        ite1_0.name 
    from
        industry_type ite1_0
Hibernate: 
    select
        ite1_0.id,
        ite1_0.created_at,
        ite1_0.name 
    from
        industry_type ite1_0
Hibernate: 
    select
        ite1_0.id,
        ite1_0.created_at,
        ite1_0.name 
    from
        industry_type ite1_0
Hibernate: 
    select
        ite1_0.id,
        ite1_0.created_at,
        ite1_0.name 
    from
        industry_type ite1_0
Hibernate: 
    select
        ite1_0.id,
        ite1_0.created_at,
        ite1_0.name 
    from
        industry_type ite1_0
Hibernate: 
    select
        ite1_0.id,
        ite1_0.created_at,
        ite1_0.name 
    from
        industry_type ite1_0
Hibernate: 
    select
        ite1_0.id,
        ite1_0.created_at,
        ite1_0.name 
    from
        industry_type ite1_0
Hibernate: 
    select
        ite1_0.id,
        ite1_0.created_at,
        ite1_0.name 
    from
        industry_type ite1_0
Hibernate: 
    select
        ite1_0.id,
        ite1_0.created_at,
        ite1_0.name 
    from
        industry_type ite1_0
Hibernate: 
    select
        ue1_0.id,
        ue1_0.email,
        ue1_0.industry_id,
        ue1_0.industry_type_id,
        ue1_0.name,
        ue1_0.password,
        ue1_0.role,
        ue1_0.tenant_id 
    from
        users ue1_0 
    where
        ue1_0.email=?
Hibernate: 
    select
        ue1_0.id,
        ue1_0.email,
        ue1_0.industry_id,
        ue1_0.industry_type_id,
        ue1_0.name,
        ue1_0.password,
        ue1_0.role,
        ue1_0.tenant_id 
    from
        users ue1_0 
    where
        ue1_0.email=?
Hibernate: 
    select
        ue1_0.id,
        ue1_0.email,
        ue1_0.industry_id,
        ue1_0.industry_type_id,
        ue1_0.name,
        ue1_0.password,
        ue1_0.role,
        ue1_0.tenant_id 
    from
        users ue1_0 
    where
        ue1_0.email=?
Hibernate: 
    select
        ue1_0.id,
        ue1_0.email,
        ue1_0.industry_id,
        ue1_0.industry_type_id,
        ue1_0.name,
        ue1_0.password,
        ue1_0.role,
        ue1_0.tenant_id 
    from
        users ue1_0 
    where
        ue1_0.email=?
Hibernate: 
    select
        pe1_0.id,
        pe1_0.created_at,
        pe1_0.industry_id,
        pe1_0.location,
        pe1_0.name,
        pe1_0.tenant_id 
    from
        plant pe1_0 
    left join
        industry i1_0 
            on i1_0.id=pe1_0.industry_id 
    where
        pe1_0.tenant_id=? 
        and i1_0.id=?
Hibernate: 
    select
        pe1_0.id,
        pe1_0.created_at,
        pe1_0.industry_id,
        pe1_0.location,
        pe1_0.name,
        pe1_0.tenant_id 
    from
        plant pe1_0 
    left join
        industry i1_0 
            on i1_0.id=pe1_0.industry_id 
    where
        pe1_0.tenant_id=? 
        and i1_0.id=?
Hibernate: 
    select
        ere1_0.id,
        ere1_0.activity_quantity,
        ere1_0.activity_type,
        ere1_0.activity_unit,
        ere1_0.calculated_emission,
        ere1_0.calorific_value,
        ere1_0.category_id,
        ere1_0.committed_at,
        ere1_0.created_at,
        ere1_0.custom_category_name,
        ere1_0.data_source,
        ere1_0.department,
        ere1_0.emission_factor,
        ere1_0.evidence_url,
        ere1_0.factor_source,
        ere1_0.factor_year,
        ere1_0.fuel_type,
        ere1_0.industry_id,
        ere1_0.plant_id,
        ere1_0.recorded_at,
        ere1_0.reporting_frequency,
        ere1_0.reporting_period_end,
        ere1_0.reporting_period_start,
        ere1_0.responsible_person,
        ere1_0.scope,
        ere1_0.status,
        ere1_0.tenant_id 
    from
        emission_record ere1_0 
    left join
        plant p1_0 
            on p1_0.id=ere1_0.plant_id 
    where
        ere1_0.tenant_id=? 
        and p1_0.id=? 
        and ere1_0.status=?
Hibernate: 
    select
        ere1_0.id,
        ere1_0.activity_quantity,
        ere1_0.activity_type,
        ere1_0.activity_unit,
        ere1_0.calculated_emission,
        ere1_0.calorific_value,
        ere1_0.category_id,
        ere1_0.committed_at,
        ere1_0.created_at,
        ere1_0.custom_category_name,
        ere1_0.data_source,
        ere1_0.department,
        ere1_0.emission_factor,
        ere1_0.evidence_url,
        ere1_0.factor_source,
        ere1_0.factor_year,
        ere1_0.fuel_type,
        ere1_0.industry_id,
        ere1_0.plant_id,
        ere1_0.recorded_at,
        ere1_0.reporting_frequency,
        ere1_0.reporting_period_end,
        ere1_0.reporting_period_start,
        ere1_0.responsible_person,
        ere1_0.scope,
        ere1_0.status,
        ere1_0.tenant_id 
    from
        emission_record ere1_0 
    left join
        plant p1_0 
            on p1_0.id=ere1_0.plant_id 
    where
        ere1_0.tenant_id=? 
        and p1_0.id=? 
        and ere1_0.status=?
Hibernate: 
    select
        ue1_0.id,
        ue1_0.email,
        ue1_0.industry_id,
        ue1_0.industry_type_id,
        ue1_0.name,
        ue1_0.password,
        ue1_0.role,
        ue1_0.tenant_id 
    from
        users ue1_0 
    where
        ue1_0.email=?
Hibernate: 
    select
        ue1_0.id,
        ue1_0.email,
        ue1_0.industry_id,
        ue1_0.industry_type_id,
        ue1_0.name,
        ue1_0.password,
        ue1_0.role,
        ue1_0.tenant_id 
    from
        users ue1_0 
    where
        ue1_0.email=?
Hibernate: 
    select
        pe1_0.id,
        pe1_0.created_at,
        pe1_0.industry_id,
        pe1_0.location,
        pe1_0.name,
        pe1_0.tenant_id 
    from
        plant pe1_0 
    left join
        industry i1_0 
            on i1_0.id=pe1_0.industry_id 
    where
        pe1_0.tenant_id=? 
        and i1_0.id=?
Hibernate: 
    select
        pe1_0.id,
        pe1_0.created_at,
        pe1_0.industry_id,
        pe1_0.location,
        pe1_0.name,
        pe1_0.tenant_id 
    from
        plant pe1_0 
    left join
        industry i1_0 
            on i1_0.id=pe1_0.industry_id 
    where
        pe1_0.tenant_id=? 
        and i1_0.id=?
Hibernate: 
    select
        ite1_0.id,
        ite1_0.created_at,
        ite1_0.name 
    from
        industry_type ite1_0
Hibernate: 
    select
        ite1_0.id,
        ite1_0.created_at,
        ite1_0.name 
    from
        industry_type ite1_0
[[1;34mINFO[m] [1m------------------------------------------------------------------------[m
[[1;34mINFO[m] [1;31mBUILD FAILURE[m
[[1;34mINFO[m] [1m------------------------------------------------------------------------[m
[[1;34mINFO[m] Total time:  43:34 min
[[1;34mINFO[m] Finished at: 2026-03-01T16:15:33+05:30
[[1;34mINFO[m] [1m------------------------------------------------------------------------[m
[[1;31mERROR[m] Failed to execute goal [32morg.springframework.boot:spring-boot-maven-plugin:3.2.3:run[m [1m(default-cli)[m on project [36mcarbon-accounting[m: [1;31mProcess terminated with exit code: 137[m -> [1m[Help 1][m
[[1;31mERROR[m] 
[[1;31mERROR[m] To see the full stack trace of the errors, re-run Maven with the [1m-e[m switch.
[[1;31mERROR[m] Re-run Maven using the [1m-X[m switch to enable full debug logging.
[[1;31mERROR[m] 
[[1;31mERROR[m] For more information about the errors and possible solutions, please read the following articles:
[[1;31mERROR[m] [1m[Help 1][m http://cwiki.apache.org/confluence/display/MAVEN/MojoExecutionException
